<?xml version="1.0" encoding="UTF-8"?>
<!-- Generated by org.testng.reporters.JUnitXMLReporter -->
<testsuite ignored="0" hostname="LTIN674879" failures="0" tests="3" name="Default test" time="2.541" errors="0" timestamp="2026-02-25T13:53:22 IST">
  <testcase classname="org.tests.ViewPolicyTests.US08_TableHeaderUI" name="tableDisplay" time="0.097"/>
  <testcase classname="org.tests.ViewPolicyTests.US08_TableHeaderUI" name="tableColumnCount" time="0.065"/>
  <testcase classname="org.tests.ViewPolicyTests.US08_TableHeaderUI" name="tableColumnNames" time="0.297"/>
</testsuite> <!-- Default test -->
