<?xml version="1.0" encoding="UTF-8"?>
<!-- Generated by org.testng.reporters.JUnitXMLReporter -->
<testsuite ignored="58" hostname="LTIN674879" failures="4" tests="70" name="All Modify Policy Tests" time="143.071" errors="0" timestamp="2026-02-25T14:15:37 IST">
  <testcase classname="org.tests.ModifyPolicyTests.US28_ModifyPolicyBreadcrumUI" name="verifyPageTitleDisplayedTopLeft" time="0.137"/>
  <testcase classname="org.tests.ModifyPolicyTests.US28_ModifyPolicyBreadcrumUI" name="verifyBreadcrumbAppearsBelowTitle" time="0.242"/>
  <testcase classname="org.tests.ModifyPolicyTests.US28_ModifyPolicyBreadcrumUI" name="verifyPolicyBreadcrumbClickable" time="0.15"/>
  <testcase classname="org.tests.ModifyPolicyTests.US28_ModifyPolicyBreadcrumUI" name="verifyModifyBreadcrumbHighlightedAndNonClickable" time="5.159"/>
  <testcase classname="org.tests.ModifyPolicyTests.US29_MainCategoryUI" name="validateTitle" time="0.079"/>
  <testcase classname="org.tests.ModifyPolicyTests.US29_MainCategoryUI" name="validateDropdownStatus" time="0.18"/>
  <testcase classname="org.tests.ModifyPolicyTests.US29_MainCategoryUI" name="validateDropdownSelection" time="0.618"/>
  <testcase classname="org.tests.ModifyPolicyTests.US30_SubCategoryUI" name="validateSubCategoryUI" time="1.305"/>
  <testcase classname="org.tests.ModifyPolicyTests.US31_PolicyNameUI" name="labelValidation" time="0.06"/>
  <testcase classname="org.tests.ModifyPolicyTests.US31_PolicyNameUI" name="dropdownValidation" time="0.073"/>
  <testcase classname="org.tests.ModifyPolicyTests.US31_PolicyNameUI" name="defaultValue" time="0.03"/>
  <testcase classname="org.tests.ModifyPolicyTests.US31_PolicyNameUI" name="clickableValidation" time="0.024"/>
  <testcase classname="org.tests.ModifyPolicyTests.US32_PolicyStatusUI" name="validateLabelDisplay" time="0.186"/>
  <testcase classname="org.tests.ModifyPolicyTests.US32_PolicyStatusUI" name="validateDropdownInitialState" time="0.415"/>
  <testcase classname="org.tests.ModifyPolicyTests.US32_PolicyStatusUI" name="validateDropdownSelection" time="0.639"/>
  <testcase classname="org.tests.ModifyPolicyTests.US33_SearchUI" name="labelValidation" time="0.08"/>
  <testcase classname="org.tests.ModifyPolicyTests.US33_SearchUI" name="searchEnable" time="0.059"/>
  <testcase classname="org.tests.ModifyPolicyTests.US34_ResetUI" name="resetButtonPosition" time="0.141"/>
  <testcase classname="org.tests.ModifyPolicyTests.US34_ResetUI" name="resetButtonDisplay" time="0.361"/>
  <testcase classname="org.tests.ModifyPolicyTests.US34_ResetUI" name="resetEnabled" time="0.066"/>
  <testcase classname="org.tests.ModifyPolicyTests.US34_ResetUI" name="resetButtonDropdownClear" time="0.9"/>
  <testcase classname="org.tests.ModifyPolicyTests.US35_TableHeaderUI" name="tableDisplayed" time="0.138"/>
  <testcase classname="org.tests.ModifyPolicyTests.US35_TableHeaderUI" name="tablePosition" time="0.194"/>
  <testcase classname="org.tests.ModifyPolicyTests.US35_TableHeaderUI" name="tableHeaders" time="0.556"/>
  <testcase classname="org.tests.ModifyPolicyTests.US36_EmptyTableUI" name="emptyStateValidation" time="4.528">
    <failure type="java.lang.AssertionError" message="No records found message is not displayed expected [true] but found [false]">
      <![CDATA[java.lang.AssertionError: No records found message is not displayed expected [true] but found [false]
at org.tests.ModifyPolicyTests.US36_EmptyTableUI.emptyStateValidation(US36_EmptyTableUI.java:55)
at java.base/java.util.ArrayList.forEach(ArrayList.java:1604)
at com.intellij.rt.testng.IDEARemoteTestNG.run(IDEARemoteTestNG.java:65)
at com.intellij.rt.testng.RemoteTestNGStarter.main(RemoteTestNGStarter.java:105)
... Removed 25 stack frames]]>
    </failure>
  </testcase> <!-- emptyStateValidation -->
  <testcase classname="org.tests.ModifyPolicyTests.US37_TableDataUI" name="validateTableStructure" time="0.153"/>
  <testcase classname="org.tests.ModifyPolicyTests.US37_TableDataUI" name="validateCellContent" time="2.76"/>
  <testcase classname="org.tests.ModifyPolicyTests.US38_PaginationBarUI" name="verifyPaginationBarVisibility" time="0.043"/>
  <testcase classname="org.tests.ModifyPolicyTests.US38_PaginationBarUI" name="verifyPaginationStartNumber" time="0.036"/>
  <testcase classname="org.tests.ModifyPolicyTests.US38_PaginationBarUI" name="verifyEllipsisForLargePages" time="0.205"/>
  <testcase classname="org.tests.ModifyPolicyTests.US38_PaginationBarUI" name="verifyPageNavigation" time="1.571"/>
  <testcase classname="org.tests.ModifyPolicyTests.US39_ScrollToTopUI" name="validateScrollToTop" time="6.987"/>
  <testcase classname="org.tests.ModifyPolicyTests.US40_UpdateActionUI" name="updateActionUI" time="1.435"/>
  <testcase classname="org.tests.ModifyPolicyTests.US41_DeleteActionUI" name="deleteActionPosition" time="0.193"/>
  <testcase classname="org.tests.ModifyPolicyTests.US41_DeleteActionUI" name="deleteActionEnabled" time="0.094"/>
  <testcase classname="org.tests.ModifyPolicyTests.US42_UpdatePolicyFormUI" name="validateTitle" time="0.069"/>
  <testcase classname="org.tests.ModifyPolicyTests.US42_UpdatePolicyFormUI" name="validateFieldOrder" time="0.225"/>
  <testcase classname="org.tests.ModifyPolicyTests.US42_UpdatePolicyFormUI" name="validateLabelsAboveFields" time="1.003"/>
  <testcase classname="org.tests.ModifyPolicyTests.US42_UpdatePolicyFormUI" name="validateButtons" time="0.147"/>
  <testcase classname="org.tests.ModifyPolicyTests.US43_ReadOnlyFieldsUI" name="testFields" time="1.208"/>
  <testcase classname="org.tests.ModifyPolicyTests.US45_ModifyPolicyBreadcrumFunctionality" name="linkClickable" time="0.049"/>
  <testcase classname="org.tests.ModifyPolicyTests.US45_ModifyPolicyBreadcrumFunctionality" name="policyPageRedirect" time="0.361"/>
  <testcase classname="org.tests.ModifyPolicyTests.US46_MainCategoryFunctionality" name="selectableOptionsValidation" time="0.073"/>
  <testcase classname="org.tests.ModifyPolicyTests.US46_MainCategoryFunctionality" name="oneSelectionValidation" time="0.456"/>
  <testcase classname="org.tests.ModifyPolicyTests.US46_MainCategoryFunctionality" name="visibilityValidation" time="0.541"/>
  <testcase classname="org.tests.ModifyPolicyTests.US47_SubCategoryFunctionality" name="selectableOptions" time="15.745"/>
  <testcase classname="org.tests.ModifyPolicyTests.US47_SubCategoryFunctionality" name="oneSelectionValidation" time="0.523"/>
  <testcase classname="org.tests.ModifyPolicyTests.US47_SubCategoryFunctionality" name="visibilityValidation" time="0.382"/>
  <testcase classname="org.tests.ModifyPolicyTests.US48_PolicyNameFunctionality" name="selectableOptions" time="6.463"/>
  <testcase classname="org.tests.ModifyPolicyTests.US49_PolicyStatusFunctionality" name="defaultValue" time="0.062"/>
  <testcase classname="org.tests.ModifyPolicyTests.US49_PolicyStatusFunctionality" name="dropdownsOptions" time="0.371"/>
  <testcase classname="org.tests.ModifyPolicyTests.US49_PolicyStatusFunctionality" name="oneSelectionValidation" time="0.834"/>
  <testcase classname="org.tests.ModifyPolicyTests.US50_SearchFunctionality" name="search" time="4.23"/>
  <testcase classname="org.tests.ModifyPolicyTests.US50_SearchFunctionality" name="searchMessage" time="26.078">
    <failure type="java.lang.AssertionError" message="No recors/data found message is not present when no data is returned">
      <![CDATA[java.lang.AssertionError: No recors/data found message is not present when no data is returned
at org.tests.ModifyPolicyTests.US50_SearchFunctionality.searchMessage(US50_SearchFunctionality.java:149)
at java.base/java.util.ArrayList.forEach(ArrayList.java:1604)
at com.intellij.rt.testng.IDEARemoteTestNG.run(IDEARemoteTestNG.java:65)
at com.intellij.rt.testng.RemoteTestNGStarter.main(RemoteTestNGStarter.java:105)
... Removed 23 stack frames]]>
    </failure>
  </testcase> <!-- searchMessage -->
  <testcase classname="org.tests.ModifyPolicyTests.US51_ResetFunctionality" name="verifyResetButtonFunctionality" time="2.604">
    <failure type="java.lang.AssertionError" message="Policy Name did not reset correctly. expected [All] but found [AutoTest_1771471130608]">
      <![CDATA[java.lang.AssertionError: Policy Name did not reset correctly. expected [All] but found [AutoTest_1771471130608]
at org.tests.ModifyPolicyTests.US51_ResetFunctionality.checkDropdownText(US51_ResetFunctionality.java:101)
at org.tests.ModifyPolicyTests.US51_ResetFunctionality.verifyResetButtonFunctionality(US51_ResetFunctionality.java:89)
at java.base/java.util.ArrayList.forEach(ArrayList.java:1604)
at com.intellij.rt.testng.IDEARemoteTestNG.run(IDEARemoteTestNG.java:65)
at com.intellij.rt.testng.RemoteTestNGStarter.main(RemoteTestNGStarter.java:105)
... Removed 27 stack frames]]>
    </failure>
  </testcase> <!-- verifyResetButtonFunctionality -->
  <testcase classname="org.tests.ModifyPolicyTests.US52_PaginationFunctionality" name="paginationValidation" time="1.037"/>
  <testcase classname="org.tests.ModifyPolicyTests.US52_PaginationFunctionality" name="pageCountValidation" time="2.699">
    <failure type="org.openqa.selenium.StaleElementReferenceException" message="stale element reference: stale element not found
  (Session info: chrome=142.0.7444.176)
For documentation on this error, please visit: https://www.selenium.dev/documentation/webdriver/troubleshooting/errors#staleelementreferenceexception
Build info: version: &amp;apos;4.39.0&amp;apos;, revision: &amp;apos;126f156aee&amp;apos;
System info: os.name: &amp;apos;Windows 11&amp;apos;, os.arch: &amp;apos;amd64&amp;apos;, os.version: &amp;apos;10.0&amp;apos;, java.version: &amp;apos;25&amp;apos;
Driver info: org.openqa.selenium.chrome.ChromeDriver
Command: [f325719c0450bf46c61527597189c8d7, isElementEnabled {id=f.CAB4A26296E47E629A36CDE716AA87AC.d.E97A40A93E7227A187234694B431C628.e.9054}]
Capabilities {acceptInsecureCerts: false, browserName: chrome, browserVersion: 142.0.7444.176, chrome: {chromedriverVersion: 142.0.7444.175 (302067f14a4..., userDataDir: C:\Users\2461307\AppData\Lo...}, fedcm:accounts: true, goog:chromeOptions: {debuggerAddress: localhost:54716}, goog:processID: 26564, networkConnectionEnabled: false, pageLoadStrategy: normal, platformName: windows, proxy: Proxy(), se:cdp: ws://localhost:54716/devtoo..., se:cdpVersion: 142.0.7444.176, setWindowRect: true, strictFileInteractability: false, timeouts: {implicit: 0, pageLoad: 300000, script: 30000}, unhandledPromptBehavior: dismiss and notify, webauthn:extension:credBlob: true, webauthn:extension:largeBlob: true, webauthn:extension:minPinLength: true, webauthn:extension:prf: true, webauthn:virtualAuthenticators: true}
Element: [[ChromeDriver: chrome on windows (f325719c0450bf46c61527597189c8d7)] -&amp;gt; xpath: //select[@id=&amp;apos;ContentPlaceHolder_Admin_ddlStatus&amp;apos;]]
Session ID: f325719c0450bf46c61527597189c8d7">
      <![CDATA[org.openqa.selenium.StaleElementReferenceException: stale element reference: stale element not found
  (Session info: chrome=142.0.7444.176)
For documentation on this error, please visit: https://www.selenium.dev/documentation/webdriver/troubleshooting/errors#staleelementreferenceexception
Build info: version: '4.39.0', revision: '126f156aee'
System info: os.name: 'Windows 11', os.arch: 'amd64', os.version: '10.0', java.version: '25'
Driver info: org.openqa.selenium.chrome.ChromeDriver
Command: [f325719c0450bf46c61527597189c8d7, isElementEnabled {id=f.CAB4A26296E47E629A36CDE716AA87AC.d.E97A40A93E7227A187234694B431C628.e.9054}]
Capabilities {acceptInsecureCerts: false, browserName: chrome, browserVersion: 142.0.7444.176, chrome: {chromedriverVersion: 142.0.7444.175 (302067f14a4..., userDataDir: C:\Users\2461307\AppData\Lo...}, fedcm:accounts: true, goog:chromeOptions: {debuggerAddress: localhost:54716}, goog:processID: 26564, networkConnectionEnabled: false, pageLoadStrategy: normal, platformName: windows, proxy: Proxy(), se:cdp: ws://localhost:54716/devtoo..., se:cdpVersion: 142.0.7444.176, setWindowRect: true, strictFileInteractability: false, timeouts: {implicit: 0, pageLoad: 300000, script: 30000}, unhandledPromptBehavior: dismiss and notify, webauthn:extension:credBlob: true, webauthn:extension:largeBlob: true, webauthn:extension:minPinLength: true, webauthn:extension:prf: true, webauthn:virtualAuthenticators: true}
Element: [[ChromeDriver: chrome on windows (f325719c0450bf46c61527597189c8d7)] -> xpath: //select[@id='ContentPlaceHolder_Admin_ddlStatus']]
Session ID: f325719c0450bf46c61527597189c8d7
at org.openqa.selenium.remote.ErrorCodec.decode(ErrorCodec.java:167)
at org.openqa.selenium.remote.codec.w3c.W3CHttpResponseCodec.decode(W3CHttpResponseCodec.java:142)
at org.openqa.selenium.remote.codec.w3c.W3CHttpResponseCodec.decode(W3CHttpResponseCodec.java:49)
at org.openqa.selenium.remote.HttpCommandExecutor.execute(HttpCommandExecutor.java:215)
at org.openqa.selenium.remote.service.DriverCommandExecutor.invokeExecute(DriverCommandExecutor.java:216)
at org.openqa.selenium.remote.service.DriverCommandExecutor.execute(DriverCommandExecutor.java:174)
at org.openqa.selenium.remote.RemoteWebDriver.execute(RemoteWebDriver.java:561)
at org.openqa.selenium.remote.RemoteWebElement.execute(RemoteWebElement.java:223)
at org.openqa.selenium.remote.RemoteWebElement.isEnabled(RemoteWebElement.java:181)
at org.openqa.selenium.support.ui.Select.assertSelectIsEnabled(Select.java:408)
at org.openqa.selenium.support.ui.Select.selectByIndex(Select.java:172)
at org.tests.ModifyPolicyTests.US52_PaginationFunctionality.pageCountValidation(US52_PaginationFunctionality.java:100)
at java.base/java.util.ArrayList.forEach(ArrayList.java:1604)
at com.intellij.rt.testng.IDEARemoteTestNG.run(IDEARemoteTestNG.java:65)
at com.intellij.rt.testng.RemoteTestNGStarter.main(RemoteTestNGStarter.java:105)
... Removed 25 stack frames]]>
    </failure>
  </testcase> <!-- pageCountValidation -->
  <testcase classname="org.tests.ModifyPolicyTests.US52_PaginationFunctionality" name="ellipsisValidation" time="0.441"/>
  <testcase classname="org.tests.ModifyPolicyTests.US52_PaginationFunctionality" name="additionalPagesValidation" time="0.212"/>
  <testcase classname="org.tests.ModifyPolicyTests.US53_ScrollToTopFunctionality" name="verifyScrollToTopFunctionality" time="1.463"/>
  <testcase classname="org.tests.ModifyPolicyTests.US54_UpdateActionFunctionality" name="validateUpdateWindow" time="0.741"/>
  <testcase classname="org.tests.ModifyPolicyTests.US54_UpdateActionFunctionality" name="verifyFieldData" time="0.149"/>
  <testcase classname="org.tests.ModifyPolicyTests.US55_UpdateButtonFunctionality" name="testRejectNonNumericInput" time="0.715"/>
  <testcase classname="org.tests.ModifyPolicyTests.US55_UpdateButtonFunctionality" name="testSuccessMessageAfterSave" time="0.755"/>
  <testcase classname="org.tests.ModifyPolicyTests.US55_UpdateButtonFunctionality" name="testRedirectionToModifyPolicyPage" time="0.08"/>
  <testcase classname="org.tests.ModifyPolicyTests.US55_UpdateButtonFunctionality" name="testUpdatedValuesVisibleInMainTable" time="0.274"/>
  <testcase classname="org.tests.ModifyPolicyTests.US56_CancelFunctionality" name="validateUpdateWindowSelection" time="0.481"/>
  <testcase classname="org.tests.ModifyPolicyTests.US56_CancelFunctionality" name="validateCancelButtonAndRedirection" time="0.57"/>
  <testcase classname="org.tests.ModifyPolicyTests.US56_CancelFunctionality" name="verifyDataStability" time="0.0"/>
  <testcase classname="org.tests.ModifyPolicyTests.US57_DeleteAction_Confirmation" name="testConfirmDeletesRecord" time="1.605"/>
  <testcase classname="org.tests.BaseTest" name="@BeforeSuite setUp" time="0.0">
    <ignored/>
  </testcase> <!-- @BeforeSuite setUp -->
  <testcase classname="org.tests.BaseTest" name="@AfterSuite tearDown" time="0.0">
    <ignored/>
  </testcase> <!-- @AfterSuite tearDown -->
  <testcase classname="org.tests.BaseTest" name="@AfterSuite tearDown" time="0.0">
    <ignored/>
  </testcase> <!-- @AfterSuite tearDown -->
  <testcase classname="org.tests.BaseTest" name="@AfterSuite tearDown" time="0.0">
    <ignored/>
  </testcase> <!-- @AfterSuite tearDown -->
  <testcase classname="org.tests.BaseTest" name="@BeforeSuite setUp" time="0.0">
    <ignored/>
  </testcase> <!-- @BeforeSuite setUp -->
  <testcase classname="org.tests.BaseTest" name="@BeforeSuite setUp" time="0.0">
    <ignored/>
  </testcase> <!-- @BeforeSuite setUp -->
  <testcase classname="org.tests.BaseTest" name="@AfterSuite tearDown" time="0.0">
    <ignored/>
  </testcase> <!-- @AfterSuite tearDown -->
  <testcase classname="org.tests.BaseTest" name="@AfterSuite tearDown" time="0.0">
    <ignored/>
  </testcase> <!-- @AfterSuite tearDown -->
  <testcase classname="org.tests.BaseTest" name="@AfterSuite tearDown" time="0.0">
    <ignored/>
  </testcase> <!-- @AfterSuite tearDown -->
  <testcase classname="org.tests.BaseTest" name="@BeforeSuite setUp" time="0.0">
    <ignored/>
  </testcase> <!-- @BeforeSuite setUp -->
  <testcase classname="org.tests.BaseTest" name="@BeforeSuite setUp" time="0.0">
    <ignored/>
  </testcase> <!-- @BeforeSuite setUp -->
  <testcase classname="org.tests.BaseTest" name="@AfterSuite tearDown" time="0.0">
    <ignored/>
  </testcase> <!-- @AfterSuite tearDown -->
  <testcase classname="org.tests.BaseTest" name="@BeforeSuite setUp" time="0.0">
    <ignored/>
  </testcase> <!-- @BeforeSuite setUp -->
  <testcase classname="org.tests.BaseTest" name="@BeforeSuite setUp" time="0.0">
    <ignored/>
  </testcase> <!-- @BeforeSuite setUp -->
  <testcase classname="org.tests.BaseTest" name="@BeforeSuite setUp" time="0.0">
    <ignored/>
  </testcase> <!-- @BeforeSuite setUp -->
  <testcase classname="org.tests.BaseTest" name="@BeforeSuite setUp" time="0.0">
    <ignored/>
  </testcase> <!-- @BeforeSuite setUp -->
  <testcase classname="org.tests.BaseTest" name="@AfterSuite tearDown" time="0.0">
    <ignored/>
  </testcase> <!-- @AfterSuite tearDown -->
  <testcase classname="org.tests.BaseTest" name="@BeforeSuite setUp" time="0.0">
    <ignored/>
  </testcase> <!-- @BeforeSuite setUp -->
  <testcase classname="org.tests.BaseTest" name="@BeforeSuite setUp" time="0.0">
    <ignored/>
  </testcase> <!-- @BeforeSuite setUp -->
  <testcase classname="org.tests.BaseTest" name="@AfterSuite tearDown" time="0.0">
    <ignored/>
  </testcase> <!-- @AfterSuite tearDown -->
  <testcase classname="org.tests.BaseTest" name="@AfterSuite tearDown" time="0.0">
    <ignored/>
  </testcase> <!-- @AfterSuite tearDown -->
  <testcase classname="org.tests.BaseTest" name="@AfterSuite tearDown" time="0.0">
    <ignored/>
  </testcase> <!-- @AfterSuite tearDown -->
  <testcase classname="org.tests.BaseTest" name="@AfterSuite tearDown" time="0.0">
    <ignored/>
  </testcase> <!-- @AfterSuite tearDown -->
  <testcase classname="org.tests.BaseTest" name="@BeforeSuite setUp" time="0.0">
    <ignored/>
  </testcase> <!-- @BeforeSuite setUp -->
  <testcase classname="org.tests.BaseTest" name="@AfterSuite tearDown" time="0.0">
    <ignored/>
  </testcase> <!-- @AfterSuite tearDown -->
  <testcase classname="org.tests.BaseTest" name="@BeforeSuite setUp" time="0.0">
    <ignored/>
  </testcase> <!-- @BeforeSuite setUp -->
  <testcase classname="org.tests.BaseTest" name="@AfterSuite tearDown" time="0.0">
    <ignored/>
  </testcase> <!-- @AfterSuite tearDown -->
  <testcase classname="org.tests.BaseTest" name="@AfterSuite tearDown" time="0.0">
    <ignored/>
  </testcase> <!-- @AfterSuite tearDown -->
  <testcase classname="org.tests.BaseTest" name="@AfterSuite tearDown" time="0.0">
    <ignored/>
  </testcase> <!-- @AfterSuite tearDown -->
  <testcase classname="org.tests.BaseTest" name="@BeforeSuite setUp" time="0.0">
    <ignored/>
  </testcase> <!-- @BeforeSuite setUp -->
  <testcase classname="org.tests.BaseTest" name="@AfterSuite tearDown" time="0.0">
    <ignored/>
  </testcase> <!-- @AfterSuite tearDown -->
  <testcase classname="org.tests.BaseTest" name="@AfterSuite tearDown" time="0.0">
    <ignored/>
  </testcase> <!-- @AfterSuite tearDown -->
  <testcase classname="org.tests.BaseTest" name="@BeforeSuite setUp" time="0.0">
    <ignored/>
  </testcase> <!-- @BeforeSuite setUp -->
  <testcase classname="org.tests.BaseTest" name="@BeforeSuite setUp" time="0.0">
    <ignored/>
  </testcase> <!-- @BeforeSuite setUp -->
  <testcase classname="org.tests.BaseTest" name="@AfterSuite tearDown" time="0.0">
    <ignored/>
  </testcase> <!-- @AfterSuite tearDown -->
  <testcase classname="org.tests.BaseTest" name="@BeforeSuite setUp" time="0.0">
    <ignored/>
  </testcase> <!-- @BeforeSuite setUp -->
  <testcase classname="org.tests.BaseTest" name="@AfterSuite tearDown" time="0.0">
    <ignored/>
  </testcase> <!-- @AfterSuite tearDown -->
  <testcase classname="org.tests.BaseTest" name="@BeforeSuite setUp" time="0.0">
    <ignored/>
  </testcase> <!-- @BeforeSuite setUp -->
  <testcase classname="org.tests.BaseTest" name="@BeforeSuite setUp" time="0.0">
    <ignored/>
  </testcase> <!-- @BeforeSuite setUp -->
  <testcase classname="org.tests.BaseTest" name="@AfterSuite tearDown" time="0.0">
    <ignored/>
  </testcase> <!-- @AfterSuite tearDown -->
  <testcase classname="org.tests.BaseTest" name="@BeforeSuite setUp" time="0.0">
    <ignored/>
  </testcase> <!-- @BeforeSuite setUp -->
  <testcase classname="org.tests.BaseTest" name="@BeforeSuite setUp" time="0.0">
    <ignored/>
  </testcase> <!-- @BeforeSuite setUp -->
  <testcase classname="org.tests.BaseTest" name="@AfterSuite tearDown" time="0.0">
    <ignored/>
  </testcase> <!-- @AfterSuite tearDown -->
  <testcase classname="org.tests.BaseTest" name="@AfterSuite tearDown" time="0.0">
    <ignored/>
  </testcase> <!-- @AfterSuite tearDown -->
  <testcase classname="org.tests.BaseTest" name="@AfterSuite tearDown" time="0.0">
    <ignored/>
  </testcase> <!-- @AfterSuite tearDown -->
  <testcase classname="org.tests.BaseTest" name="@AfterSuite tearDown" time="0.0">
    <ignored/>
  </testcase> <!-- @AfterSuite tearDown -->
  <testcase classname="org.tests.BaseTest" name="@BeforeSuite setUp" time="0.0">
    <ignored/>
  </testcase> <!-- @BeforeSuite setUp -->
  <testcase classname="org.tests.BaseTest" name="@AfterSuite tearDown" time="0.0">
    <ignored/>
  </testcase> <!-- @AfterSuite tearDown -->
  <testcase classname="org.tests.BaseTest" name="@BeforeSuite setUp" time="0.0">
    <ignored/>
  </testcase> <!-- @BeforeSuite setUp -->
  <testcase classname="org.tests.BaseTest" name="@AfterSuite tearDown" time="0.0">
    <ignored/>
  </testcase> <!-- @AfterSuite tearDown -->
  <testcase classname="org.tests.BaseTest" name="@BeforeSuite setUp" time="0.0">
    <ignored/>
  </testcase> <!-- @BeforeSuite setUp -->
  <testcase classname="org.tests.BaseTest" name="@AfterSuite tearDown" time="0.0">
    <ignored/>
  </testcase> <!-- @AfterSuite tearDown -->
  <testcase classname="org.tests.BaseTest" name="@BeforeSuite setUp" time="0.0">
    <ignored/>
  </testcase> <!-- @BeforeSuite setUp -->
  <testcase classname="org.tests.BaseTest" name="@AfterSuite tearDown" time="0.0">
    <ignored/>
  </testcase> <!-- @AfterSuite tearDown -->
  <testcase classname="org.tests.BaseTest" name="@BeforeSuite setUp" time="0.0">
    <ignored/>
  </testcase> <!-- @BeforeSuite setUp -->
  <testcase classname="org.tests.BaseTest" name="@BeforeSuite setUp" time="0.0">
    <ignored/>
  </testcase> <!-- @BeforeSuite setUp -->
  <testcase classname="org.tests.BaseTest" name="@BeforeSuite setUp" time="0.0">
    <ignored/>
  </testcase> <!-- @BeforeSuite setUp -->
  <testcase classname="org.tests.BaseTest" name="@BeforeSuite setUp" time="0.0">
    <ignored/>
  </testcase> <!-- @BeforeSuite setUp -->
</testsuite> <!-- All Modify Policy Tests -->
