<?xml version="1.0" encoding="UTF-8"?>
<!-- Generated by org.testng.reporters.JUnitXMLReporter -->
<testsuite ignored="50" hostname="LTIN674879" failures="5" tests="59" name="All View Policy Tests" time="231.098" errors="0" timestamp="2026-02-25T14:13:14 IST">
  <testcase classname="org.tests.ViewPolicyTests.US01_ViewPolicyBreadcrumUI" name="viewPolicyTitle" time="0.144"/>
  <testcase classname="org.tests.ViewPolicyTests.US01_ViewPolicyBreadcrumUI" name="viewPolicyBreadcrumUI" time="0.272"/>
  <testcase classname="org.tests.ViewPolicyTests.US02_MainCategoryUI" name="mainCategoryLabelValidation" time="0.057"/>
  <testcase classname="org.tests.ViewPolicyTests.US02_MainCategoryUI" name="emptyTextboxValidation" time="0.077"/>
  <testcase classname="org.tests.ViewPolicyTests.US02_MainCategoryUI" name="multiselectTextboxValidation" time="1.758"/>
  <testcase classname="org.tests.ViewPolicyTests.US02_MainCategoryUI" name="crossbtnvalidation" time="0.257"/>
  <testcase classname="org.tests.ViewPolicyTests.US03_SubCategoryUI" name="subCategoryLabelValidation" time="0.068"/>
  <testcase classname="org.tests.ViewPolicyTests.US03_SubCategoryUI" name="emptyTextboxValidation" time="0.093"/>
  <testcase classname="org.tests.ViewPolicyTests.US03_SubCategoryUI" name="multiselectTextboxValidation" time="1.62"/>
  <testcase classname="org.tests.ViewPolicyTests.US03_SubCategoryUI" name="crossbtnvalidation" time="0.275"/>
  <testcase classname="org.tests.ViewPolicyTests.US04_PolicyNameUI" name="validateUI" time="0.314"/>
  <testcase classname="org.tests.ViewPolicyTests.US04_PolicyNameUI" name="emptyTextboxValidation" time="0.089"/>
  <testcase classname="org.tests.ViewPolicyTests.US04_PolicyNameUI" name="verifyMultiSelectTextbox" time="3.018"/>
  <testcase classname="org.tests.ViewPolicyTests.US04_PolicyNameUI" name="verifyRemoveIconForTags" time="0.258"/>
  <testcase classname="org.tests.ViewPolicyTests.US05_PolicyStatusUI" name="labelValidation" time="0.034"/>
  <testcase classname="org.tests.ViewPolicyTests.US05_PolicyStatusUI" name="textboxIsEmpty" time="0.112"/>
  <testcase classname="org.tests.ViewPolicyTests.US05_PolicyStatusUI" name="multipleSelection" time="0.942"/>
  <testcase classname="org.tests.ViewPolicyTests.US05_PolicyStatusUI" name="removeSelection" time="0.452"/>
  <testcase classname="org.tests.ViewPolicyTests.US06_SearchUI" name="searchButtonEnabled" time="0.317"/>
  <testcase classname="org.tests.ViewPolicyTests.US07_ResetUI" name="resetButtonPosition" time="0.224"/>
  <testcase classname="org.tests.ViewPolicyTests.US07_ResetUI" name="resetButtonEnabled" time="0.422"/>
  <testcase classname="org.tests.ViewPolicyTests.US08_TableHeaderUI" name="tableDisplay" time="0.038"/>
  <testcase classname="org.tests.ViewPolicyTests.US08_TableHeaderUI" name="tableColumnCount" time="0.029"/>
  <testcase classname="org.tests.ViewPolicyTests.US08_TableHeaderUI" name="tableColumnNames" time="0.298"/>
  <testcase classname="org.tests.ViewPolicyTests.US09_EmptyTableUI" name="verifyNoRecordsMessage" time="2.166">
    <failure type="java.lang.AssertionError" message="Expected a message row after search &amp;apos;No Records Found&amp;apos;. expected [true] but found [false]">
      <![CDATA[java.lang.AssertionError: Expected a message row after search 'No Records Found'. expected [true] but found [false]
at org.tests.ViewPolicyTests.US09_EmptyTableUI.verifyNoRecordsMessage(US09_EmptyTableUI.java:60)
at java.base/java.util.ArrayList.forEach(ArrayList.java:1604)
at com.intellij.rt.testng.IDEARemoteTestNG.run(IDEARemoteTestNG.java:65)
at com.intellij.rt.testng.RemoteTestNGStarter.main(RemoteTestNGStarter.java:105)
... Removed 25 stack frames]]>
    </failure>
  </testcase> <!-- verifyNoRecordsMessage -->
  <testcase classname="org.tests.ViewPolicyTests.US10_TableDataUI" name="verifyData" time="44.018"/>
  <testcase classname="org.tests.ViewPolicyTests.US12_ExportToExcelUI" name="exportToExcelEnabled" time="1.192">
    <failure type="org.openqa.selenium.StaleElementReferenceException" message="stale element reference: stale element not found
  (Session info: chrome=142.0.7444.176)
For documentation on this error, please visit: https://www.selenium.dev/documentation/webdriver/troubleshooting/errors#staleelementreferenceexception
Build info: version: &amp;apos;4.39.0&amp;apos;, revision: &amp;apos;126f156aee&amp;apos;
System info: os.name: &amp;apos;Windows 11&amp;apos;, os.arch: &amp;apos;amd64&amp;apos;, os.version: &amp;apos;10.0&amp;apos;, java.version: &amp;apos;25&amp;apos;
Driver info: org.openqa.selenium.chrome.ChromeDriver
Command: [f325719c0450bf46c61527597189c8d7, isElementDisplayed {id=f.CAB4A26296E47E629A36CDE716AA87AC.d.6D3F00B71E43F458A705C2F9F73E7E59.e.2277}]
Capabilities {acceptInsecureCerts: false, browserName: chrome, browserVersion: 142.0.7444.176, chrome: {chromedriverVersion: 142.0.7444.175 (302067f14a4..., userDataDir: C:\Users\2461307\AppData\Lo...}, fedcm:accounts: true, goog:chromeOptions: {debuggerAddress: localhost:54716}, goog:processID: 26564, networkConnectionEnabled: false, pageLoadStrategy: normal, platformName: windows, proxy: Proxy(), se:cdp: ws://localhost:54716/devtoo..., se:cdpVersion: 142.0.7444.176, setWindowRect: true, strictFileInteractability: false, timeouts: {implicit: 0, pageLoad: 300000, script: 30000}, unhandledPromptBehavior: dismiss and notify, webauthn:extension:credBlob: true, webauthn:extension:largeBlob: true, webauthn:extension:minPinLength: true, webauthn:extension:prf: true, webauthn:virtualAuthenticators: true}
Element: [[ChromeDriver: chrome on windows (f325719c0450bf46c61527597189c8d7)] -&amp;gt; xpath: //*[@id=&amp;quot;form1&amp;quot;]/div[3]/div[2]/span/span[1]/span/ul/li/input]
Session ID: f325719c0450bf46c61527597189c8d7">
      <![CDATA[org.openqa.selenium.StaleElementReferenceException: stale element reference: stale element not found
  (Session info: chrome=142.0.7444.176)
For documentation on this error, please visit: https://www.selenium.dev/documentation/webdriver/troubleshooting/errors#staleelementreferenceexception
Build info: version: '4.39.0', revision: '126f156aee'
System info: os.name: 'Windows 11', os.arch: 'amd64', os.version: '10.0', java.version: '25'
Driver info: org.openqa.selenium.chrome.ChromeDriver
Command: [f325719c0450bf46c61527597189c8d7, isElementDisplayed {id=f.CAB4A26296E47E629A36CDE716AA87AC.d.6D3F00B71E43F458A705C2F9F73E7E59.e.2277}]
Capabilities {acceptInsecureCerts: false, browserName: chrome, browserVersion: 142.0.7444.176, chrome: {chromedriverVersion: 142.0.7444.175 (302067f14a4..., userDataDir: C:\Users\2461307\AppData\Lo...}, fedcm:accounts: true, goog:chromeOptions: {debuggerAddress: localhost:54716}, goog:processID: 26564, networkConnectionEnabled: false, pageLoadStrategy: normal, platformName: windows, proxy: Proxy(), se:cdp: ws://localhost:54716/devtoo..., se:cdpVersion: 142.0.7444.176, setWindowRect: true, strictFileInteractability: false, timeouts: {implicit: 0, pageLoad: 300000, script: 30000}, unhandledPromptBehavior: dismiss and notify, webauthn:extension:credBlob: true, webauthn:extension:largeBlob: true, webauthn:extension:minPinLength: true, webauthn:extension:prf: true, webauthn:virtualAuthenticators: true}
Element: [[ChromeDriver: chrome on windows (f325719c0450bf46c61527597189c8d7)] -> xpath: //*[@id="form1"]/div[3]/div[2]/span/span[1]/span/ul/li/input]
Session ID: f325719c0450bf46c61527597189c8d7
at org.openqa.selenium.remote.ErrorCodec.decode(ErrorCodec.java:167)
at org.openqa.selenium.remote.codec.w3c.W3CHttpResponseCodec.decode(W3CHttpResponseCodec.java:142)
at org.openqa.selenium.remote.codec.w3c.W3CHttpResponseCodec.decode(W3CHttpResponseCodec.java:49)
at org.openqa.selenium.remote.HttpCommandExecutor.execute(HttpCommandExecutor.java:215)
at org.openqa.selenium.remote.service.DriverCommandExecutor.invokeExecute(DriverCommandExecutor.java:216)
at org.openqa.selenium.remote.service.DriverCommandExecutor.execute(DriverCommandExecutor.java:174)
at org.openqa.selenium.remote.RemoteWebDriver.execute(RemoteWebDriver.java:561)
at org.openqa.selenium.remote.RemoteWebElement.execute(RemoteWebElement.java:223)
at org.openqa.selenium.remote.RemoteWebElement.isDisplayed(RemoteWebElement.java:282)
at org.openqa.selenium.support.ui.ExpectedConditions.elementIfVisible(ExpectedConditions.java:308)
at org.openqa.selenium.support.ui.ExpectedConditions$10.apply(ExpectedConditions.java:294)
at org.openqa.selenium.support.ui.ExpectedConditions$10.apply(ExpectedConditions.java:291)
at org.openqa.selenium.support.ui.ExpectedConditions$23.apply(ExpectedConditions.java:662)
at org.openqa.selenium.support.ui.ExpectedConditions$23.apply(ExpectedConditions.java:658)
at org.openqa.selenium.support.ui.FluentWait.until(FluentWait.java:203)
at org.tests.ViewPolicyTests.US12_ExportToExcelUI.exportToExcelEnabled(US12_ExportToExcelUI.java:30)
at java.base/java.util.ArrayList.forEach(ArrayList.java:1604)
at com.intellij.rt.testng.IDEARemoteTestNG.run(IDEARemoteTestNG.java:65)
at com.intellij.rt.testng.RemoteTestNGStarter.main(RemoteTestNGStarter.java:105)
... Removed 25 stack frames]]>
    </failure>
  </testcase> <!-- exportToExcelEnabled -->
  <testcase classname="org.tests.ViewPolicyTests.US13_ExportToPDFUI" name="verifyButtonPosition" time="0.142"/>
  <testcase classname="org.tests.ViewPolicyTests.US13_ExportToPDFUI" name="verifyButtonColor" time="0.086"/>
  <testcase classname="org.tests.ViewPolicyTests.US13_ExportToPDFUI" name="verifyButtonEnabledWithRecords" time="0.12"/>
  <testcase classname="org.tests.ViewPolicyTests.US13_ExportToPDFUI" name="verifyButtonDisabledWithoutRecords" time="4.884">
    <failure type="java.lang.AssertionError" message="Defect: Export button enabled without records.">
      <![CDATA[java.lang.AssertionError: Defect: Export button enabled without records.
at org.tests.ViewPolicyTests.US13_ExportToPDFUI.verifyButtonDisabledWithoutRecords(US13_ExportToPDFUI.java:99)
at java.base/java.util.ArrayList.forEach(ArrayList.java:1604)
at com.intellij.rt.testng.IDEARemoteTestNG.run(IDEARemoteTestNG.java:65)
at com.intellij.rt.testng.RemoteTestNGStarter.main(RemoteTestNGStarter.java:105)
... Removed 23 stack frames]]>
    </failure>
  </testcase> <!-- verifyButtonDisabledWithoutRecords -->
  <testcase classname="org.tests.ViewPolicyTests.US14_ExportToCSVUI" name="performSearch" time="5.611"/>
  <testcase classname="org.tests.ViewPolicyTests.US14_ExportToCSVUI" name="validateCSVButton" time="0.033">
    <failure type="java.lang.AssertionError" message="Defect: Export button enabled without records.">
      <![CDATA[java.lang.AssertionError: Defect: Export button enabled without records.
at org.tests.ViewPolicyTests.US14_ExportToCSVUI.validateCSVButton(US14_ExportToCSVUI.java:73)
at java.base/java.util.ArrayList.forEach(ArrayList.java:1604)
at com.intellij.rt.testng.IDEARemoteTestNG.run(IDEARemoteTestNG.java:65)
at com.intellij.rt.testng.RemoteTestNGStarter.main(RemoteTestNGStarter.java:105)
... Removed 23 stack frames]]>
    </failure>
  </testcase> <!-- validateCSVButton -->
  <testcase classname="org.tests.ViewPolicyTests.US15_ScrollToTopUI" name="scrollToTop" time="0.649"/>
  <testcase classname="org.tests.ViewPolicyTests.US16_ViewPolicyBreadcrumFunctionality" name="breadcrumNavigationToDashboard" time="2.173"/>
  <testcase classname="org.tests.ViewPolicyTests.US17_MainCategoryFunctionality" name="multiSelectValidation" time="1.476"/>
  <testcase classname="org.tests.ViewPolicyTests.US17_MainCategoryFunctionality" name="removeButtonValidation" time="1.018"/>
  <testcase classname="org.tests.ViewPolicyTests.US17_MainCategoryFunctionality" name="availablePoliciesValidation" time="0.447"/>
  <testcase classname="org.tests.ViewPolicyTests.US17_MainCategoryFunctionality" name="validateMainCategorySearchAutoSuggest" time="7.187"/>
  <testcase classname="org.tests.ViewPolicyTests.US18_SubCategoryFunctionality" name="relatedSubCategories" time="24.257"/>
  <testcase classname="org.tests.ViewPolicyTests.US18_SubCategoryFunctionality" name="noResults" time="0.18"/>
  <testcase classname="org.tests.ViewPolicyTests.US18_SubCategoryFunctionality" name="multipleSelection" time="1.479"/>
  <testcase classname="org.tests.ViewPolicyTests.US18_SubCategoryFunctionality" name="removeElements" time="0.981"/>
  <testcase classname="org.tests.ViewPolicyTests.US18_SubCategoryFunctionality" name="autoSuggetsions" time="1.252"/>
  <testcase classname="org.tests.ViewPolicyTests.US19_PolicyNameFunctionality" name="selectableOptions" time="4.851"/>
  <testcase classname="org.tests.ViewPolicyTests.US20_PolicyStatusFunctionality" name="verifyStatusOptions" time="0.688"/>
  <testcase classname="org.tests.ViewPolicyTests.US20_PolicyStatusFunctionality" name="verifyAutoSuggestion" time="0.788"/>
  <testcase classname="org.tests.ViewPolicyTests.US20_PolicyStatusFunctionality" name="verifyMultiSelection" time="1.125"/>
  <testcase classname="org.tests.ViewPolicyTests.US20_PolicyStatusFunctionality" name="verifyRemoval" time="10.326"/>
  <testcase classname="org.tests.ViewPolicyTests.US21_SearchButtonFunctionality" name="applyFiltersAndSearch" time="5.116"/>
  <testcase classname="org.tests.ViewPolicyTests.US21_SearchButtonFunctionality" name="captureTableData" time="0.091">
    <failure type="java.lang.AssertionError" message="No records found in table.">
      <![CDATA[java.lang.AssertionError: No records found in table.
at org.tests.ViewPolicyTests.US21_SearchButtonFunctionality.captureTableData(US21_SearchButtonFunctionality.java:71)
at java.base/java.util.ArrayList.forEach(ArrayList.java:1604)
at com.intellij.rt.testng.IDEARemoteTestNG.run(IDEARemoteTestNG.java:65)
at com.intellij.rt.testng.RemoteTestNGStarter.main(RemoteTestNGStarter.java:105)
... Removed 23 stack frames]]>
    </failure>
  </testcase> <!-- captureTableData -->
  <testcase classname="org.tests.ViewPolicyTests.US21_SearchButtonFunctionality" name="validateSearchResults" time="0.0">
    <skipped/>
  </testcase> <!-- validateSearchResults -->
  <testcase classname="org.tests.ViewPolicyTests.US22_ResetButtonFunctionality" name="resetButtonValidation" time="3.357"/>
  <testcase classname="org.tests.ViewPolicyTests.US22_ResetButtonFunctionality" name="defaultStateValidation" time="0.897"/>
  <testcase classname="org.tests.ViewPolicyTests.US22_ResetButtonFunctionality" name="tableValidation" time="4.524"/>
  <testcase classname="org.tests.ViewPolicyTests.US24_ExportToExcelFunctionality" name="testExportToExcelDownload" time="39.799"/>
  <testcase classname="org.tests.ViewPolicyTests.US25_ExportToPDFFunctionality" name="testExportToPDFDownload" time="5.607"/>
  <testcase classname="org.tests.ViewPolicyTests.US26_ExportToCSVFunctionality" name="testExportToCSVDownload" time="5.269"/>
  <testcase classname="org.tests.ViewPolicyTests.US27_ScrollToTopFunctionality" name="scrollToTop" time="2.431"/>
  <testcase classname="org.tests.BaseTest" name="@BeforeSuite setUp" time="0.0">
    <ignored/>
  </testcase> <!-- @BeforeSuite setUp -->
  <testcase classname="org.tests.BaseTest" name="@AfterSuite tearDown" time="0.0">
    <ignored/>
  </testcase> <!-- @AfterSuite tearDown -->
  <testcase classname="org.tests.BaseTest" name="@AfterSuite tearDown" time="0.0">
    <ignored/>
  </testcase> <!-- @AfterSuite tearDown -->
  <testcase classname="org.tests.BaseTest" name="@AfterSuite tearDown" time="0.0">
    <ignored/>
  </testcase> <!-- @AfterSuite tearDown -->
  <testcase classname="org.tests.BaseTest" name="@AfterSuite tearDown" time="0.0">
    <ignored/>
  </testcase> <!-- @AfterSuite tearDown -->
  <testcase classname="org.tests.BaseTest" name="@AfterSuite tearDown" time="0.0">
    <ignored/>
  </testcase> <!-- @AfterSuite tearDown -->
  <testcase classname="org.tests.BaseTest" name="@AfterSuite tearDown" time="0.0">
    <ignored/>
  </testcase> <!-- @AfterSuite tearDown -->
  <testcase classname="org.tests.BaseTest" name="@BeforeSuite setUp" time="0.0">
    <ignored/>
  </testcase> <!-- @BeforeSuite setUp -->
  <testcase classname="org.tests.BaseTest" name="@AfterSuite tearDown" time="0.0">
    <ignored/>
  </testcase> <!-- @AfterSuite tearDown -->
  <testcase classname="org.tests.BaseTest" name="@BeforeSuite setUp" time="0.0">
    <ignored/>
  </testcase> <!-- @BeforeSuite setUp -->
  <testcase classname="org.tests.BaseTest" name="@AfterSuite tearDown" time="0.0">
    <ignored/>
  </testcase> <!-- @AfterSuite tearDown -->
  <testcase classname="org.tests.BaseTest" name="@AfterSuite tearDown" time="0.0">
    <ignored/>
  </testcase> <!-- @AfterSuite tearDown -->
  <testcase classname="org.tests.BaseTest" name="@BeforeSuite setUp" time="0.0">
    <ignored/>
  </testcase> <!-- @BeforeSuite setUp -->
  <testcase classname="org.tests.BaseTest" name="@BeforeSuite setUp" time="0.0">
    <ignored/>
  </testcase> <!-- @BeforeSuite setUp -->
  <testcase classname="org.tests.BaseTest" name="@BeforeSuite setUp" time="0.0">
    <ignored/>
  </testcase> <!-- @BeforeSuite setUp -->
  <testcase classname="org.tests.BaseTest" name="@BeforeSuite setUp" time="0.0">
    <ignored/>
  </testcase> <!-- @BeforeSuite setUp -->
  <testcase classname="org.tests.BaseTest" name="@BeforeSuite setUp" time="0.0">
    <ignored/>
  </testcase> <!-- @BeforeSuite setUp -->
  <testcase classname="org.tests.BaseTest" name="@AfterSuite tearDown" time="0.0">
    <ignored/>
  </testcase> <!-- @AfterSuite tearDown -->
  <testcase classname="org.tests.BaseTest" name="@BeforeSuite setUp" time="0.0">
    <ignored/>
  </testcase> <!-- @BeforeSuite setUp -->
  <testcase classname="org.tests.BaseTest" name="@AfterSuite tearDown" time="0.0">
    <ignored/>
  </testcase> <!-- @AfterSuite tearDown -->
  <testcase classname="org.tests.BaseTest" name="@BeforeSuite setUp" time="0.0">
    <ignored/>
  </testcase> <!-- @BeforeSuite setUp -->
  <testcase classname="org.tests.BaseTest" name="@BeforeSuite setUp" time="0.0">
    <ignored/>
  </testcase> <!-- @BeforeSuite setUp -->
  <testcase classname="org.tests.BaseTest" name="@AfterSuite tearDown" time="0.0">
    <ignored/>
  </testcase> <!-- @AfterSuite tearDown -->
  <testcase classname="org.tests.BaseTest" name="@BeforeSuite setUp" time="0.0">
    <ignored/>
  </testcase> <!-- @BeforeSuite setUp -->
  <testcase classname="org.tests.BaseTest" name="@AfterSuite tearDown" time="0.0">
    <ignored/>
  </testcase> <!-- @AfterSuite tearDown -->
  <testcase classname="org.tests.BaseTest" name="@BeforeSuite setUp" time="0.0">
    <ignored/>
  </testcase> <!-- @BeforeSuite setUp -->
  <testcase classname="org.tests.BaseTest" name="@AfterSuite tearDown" time="0.0">
    <ignored/>
  </testcase> <!-- @AfterSuite tearDown -->
  <testcase classname="org.tests.BaseTest" name="@BeforeSuite setUp" time="0.0">
    <ignored/>
  </testcase> <!-- @BeforeSuite setUp -->
  <testcase classname="org.tests.BaseTest" name="@BeforeSuite setUp" time="0.0">
    <ignored/>
  </testcase> <!-- @BeforeSuite setUp -->
  <testcase classname="org.tests.BaseTest" name="@BeforeSuite setUp" time="0.0">
    <ignored/>
  </testcase> <!-- @BeforeSuite setUp -->
  <testcase classname="org.tests.BaseTest" name="@AfterSuite tearDown" time="0.0">
    <ignored/>
  </testcase> <!-- @AfterSuite tearDown -->
  <testcase classname="org.tests.BaseTest" name="@BeforeSuite setUp" time="0.0">
    <ignored/>
  </testcase> <!-- @BeforeSuite setUp -->
  <testcase classname="org.tests.BaseTest" name="@BeforeSuite setUp" time="0.0">
    <ignored/>
  </testcase> <!-- @BeforeSuite setUp -->
  <testcase classname="org.tests.BaseTest" name="@BeforeSuite setUp" time="0.0">
    <ignored/>
  </testcase> <!-- @BeforeSuite setUp -->
  <testcase classname="org.tests.BaseTest" name="@AfterSuite tearDown" time="0.0">
    <ignored/>
  </testcase> <!-- @AfterSuite tearDown -->
  <testcase classname="org.tests.BaseTest" name="@BeforeSuite setUp" time="0.0">
    <ignored/>
  </testcase> <!-- @BeforeSuite setUp -->
  <testcase classname="org.tests.BaseTest" name="@AfterSuite tearDown" time="0.0">
    <ignored/>
  </testcase> <!-- @AfterSuite tearDown -->
  <testcase classname="org.tests.BaseTest" name="@AfterSuite tearDown" time="0.0">
    <ignored/>
  </testcase> <!-- @AfterSuite tearDown -->
  <testcase classname="org.tests.BaseTest" name="@AfterSuite tearDown" time="0.0">
    <ignored/>
  </testcase> <!-- @AfterSuite tearDown -->
  <testcase classname="org.tests.BaseTest" name="@AfterSuite tearDown" time="0.0">
    <ignored/>
  </testcase> <!-- @AfterSuite tearDown -->
  <testcase classname="org.tests.BaseTest" name="@AfterSuite tearDown" time="0.0">
    <ignored/>
  </testcase> <!-- @AfterSuite tearDown -->
  <testcase classname="org.tests.BaseTest" name="@AfterSuite tearDown" time="0.0">
    <ignored/>
  </testcase> <!-- @AfterSuite tearDown -->
  <testcase classname="org.tests.BaseTest" name="@BeforeSuite setUp" time="0.0">
    <ignored/>
  </testcase> <!-- @BeforeSuite setUp -->
  <testcase classname="org.tests.BaseTest" name="@BeforeSuite setUp" time="0.0">
    <ignored/>
  </testcase> <!-- @BeforeSuite setUp -->
  <testcase classname="org.tests.BaseTest" name="@BeforeSuite setUp" time="0.0">
    <ignored/>
  </testcase> <!-- @BeforeSuite setUp -->
  <testcase classname="org.tests.BaseTest" name="@BeforeSuite setUp" time="0.0">
    <ignored/>
  </testcase> <!-- @BeforeSuite setUp -->
  <testcase classname="org.tests.BaseTest" name="@AfterSuite tearDown" time="0.0">
    <ignored/>
  </testcase> <!-- @AfterSuite tearDown -->
  <testcase classname="org.tests.BaseTest" name="@AfterSuite tearDown" time="0.0">
    <ignored/>
  </testcase> <!-- @AfterSuite tearDown -->
  <testcase classname="org.tests.BaseTest" name="@AfterSuite tearDown" time="0.0">
    <ignored/>
  </testcase> <!-- @AfterSuite tearDown -->
  <testcase classname="org.tests.BaseTest" name="@BeforeSuite setUp" time="0.0">
    <ignored/>
  </testcase> <!-- @BeforeSuite setUp -->
</testsuite> <!-- All View Policy Tests -->
