<?xml version="1.0" encoding="UTF-8"?>
<!-- Generated by org.testng.reporters.JUnitXMLReporter -->
<testsuite ignored="20" hostname="LTIN674879" failures="5" tests="29" name="Binoy’s User Stories" time="55.578" errors="0" timestamp="2026-02-25T14:20:47 IST">
  <testcase classname="org.tests.ViewPolicyTests.US03_SubCategoryUI" name="subCategoryLabelValidation" time="0.093"/>
  <testcase classname="org.tests.ViewPolicyTests.US03_SubCategoryUI" name="emptyTextboxValidation" time="0.077"/>
  <testcase classname="org.tests.ViewPolicyTests.US03_SubCategoryUI" name="multiselectTextboxValidation" time="1.65"/>
  <testcase classname="org.tests.ViewPolicyTests.US03_SubCategoryUI" name="crossbtnvalidation" time="0.163"/>
  <testcase classname="org.tests.ViewPolicyTests.US12_ExportToExcelUI" name="exportToExcelEnabled" time="0.995">
    <failure type="org.openqa.selenium.StaleElementReferenceException" message="stale element reference: stale element not found
  (Session info: chrome=142.0.7444.176)
For documentation on this error, please visit: https://www.selenium.dev/documentation/webdriver/troubleshooting/errors#staleelementreferenceexception
Build info: version: &amp;apos;4.39.0&amp;apos;, revision: &amp;apos;126f156aee&amp;apos;
System info: os.name: &amp;apos;Windows 11&amp;apos;, os.arch: &amp;apos;amd64&amp;apos;, os.version: &amp;apos;10.0&amp;apos;, java.version: &amp;apos;25&amp;apos;
Driver info: org.openqa.selenium.chrome.ChromeDriver
Command: [456036cefad1efa7ec4ffc121a51e807, isElementDisplayed {id=f.453AF7016A8263E1312E6EABC008A5DB.d.8F721AADF23587F69B2B2412B1669DD9.e.135}]
Capabilities {acceptInsecureCerts: false, browserName: chrome, browserVersion: 142.0.7444.176, chrome: {chromedriverVersion: 142.0.7444.175 (302067f14a4..., userDataDir: C:\Users\2461307\AppData\Lo...}, fedcm:accounts: true, goog:chromeOptions: {debuggerAddress: localhost:61424}, goog:processID: 25112, networkConnectionEnabled: false, pageLoadStrategy: normal, platformName: windows, proxy: Proxy(), se:cdp: ws://localhost:61424/devtoo..., se:cdpVersion: 142.0.7444.176, setWindowRect: true, strictFileInteractability: false, timeouts: {implicit: 0, pageLoad: 300000, script: 30000}, unhandledPromptBehavior: dismiss and notify, webauthn:extension:credBlob: true, webauthn:extension:largeBlob: true, webauthn:extension:minPinLength: true, webauthn:extension:prf: true, webauthn:virtualAuthenticators: true}
Element: [[ChromeDriver: chrome on windows (456036cefad1efa7ec4ffc121a51e807)] -&amp;gt; xpath: //*[@id=&amp;quot;form1&amp;quot;]/div[3]/div[2]/span/span[1]/span/ul/li/input]
Session ID: 456036cefad1efa7ec4ffc121a51e807">
      <![CDATA[org.openqa.selenium.StaleElementReferenceException: stale element reference: stale element not found
  (Session info: chrome=142.0.7444.176)
For documentation on this error, please visit: https://www.selenium.dev/documentation/webdriver/troubleshooting/errors#staleelementreferenceexception
Build info: version: '4.39.0', revision: '126f156aee'
System info: os.name: 'Windows 11', os.arch: 'amd64', os.version: '10.0', java.version: '25'
Driver info: org.openqa.selenium.chrome.ChromeDriver
Command: [456036cefad1efa7ec4ffc121a51e807, isElementDisplayed {id=f.453AF7016A8263E1312E6EABC008A5DB.d.8F721AADF23587F69B2B2412B1669DD9.e.135}]
Capabilities {acceptInsecureCerts: false, browserName: chrome, browserVersion: 142.0.7444.176, chrome: {chromedriverVersion: 142.0.7444.175 (302067f14a4..., userDataDir: C:\Users\2461307\AppData\Lo...}, fedcm:accounts: true, goog:chromeOptions: {debuggerAddress: localhost:61424}, goog:processID: 25112, networkConnectionEnabled: false, pageLoadStrategy: normal, platformName: windows, proxy: Proxy(), se:cdp: ws://localhost:61424/devtoo..., se:cdpVersion: 142.0.7444.176, setWindowRect: true, strictFileInteractability: false, timeouts: {implicit: 0, pageLoad: 300000, script: 30000}, unhandledPromptBehavior: dismiss and notify, webauthn:extension:credBlob: true, webauthn:extension:largeBlob: true, webauthn:extension:minPinLength: true, webauthn:extension:prf: true, webauthn:virtualAuthenticators: true}
Element: [[ChromeDriver: chrome on windows (456036cefad1efa7ec4ffc121a51e807)] -> xpath: //*[@id="form1"]/div[3]/div[2]/span/span[1]/span/ul/li/input]
Session ID: 456036cefad1efa7ec4ffc121a51e807
at org.openqa.selenium.remote.ErrorCodec.decode(ErrorCodec.java:167)
at org.openqa.selenium.remote.codec.w3c.W3CHttpResponseCodec.decode(W3CHttpResponseCodec.java:142)
at org.openqa.selenium.remote.codec.w3c.W3CHttpResponseCodec.decode(W3CHttpResponseCodec.java:49)
at org.openqa.selenium.remote.HttpCommandExecutor.execute(HttpCommandExecutor.java:215)
at org.openqa.selenium.remote.service.DriverCommandExecutor.invokeExecute(DriverCommandExecutor.java:216)
at org.openqa.selenium.remote.service.DriverCommandExecutor.execute(DriverCommandExecutor.java:174)
at org.openqa.selenium.remote.RemoteWebDriver.execute(RemoteWebDriver.java:561)
at org.openqa.selenium.remote.RemoteWebElement.execute(RemoteWebElement.java:223)
at org.openqa.selenium.remote.RemoteWebElement.isDisplayed(RemoteWebElement.java:282)
at org.openqa.selenium.support.ui.ExpectedConditions.elementIfVisible(ExpectedConditions.java:308)
at org.openqa.selenium.support.ui.ExpectedConditions$10.apply(ExpectedConditions.java:294)
at org.openqa.selenium.support.ui.ExpectedConditions$10.apply(ExpectedConditions.java:291)
at org.openqa.selenium.support.ui.ExpectedConditions$23.apply(ExpectedConditions.java:662)
at org.openqa.selenium.support.ui.ExpectedConditions$23.apply(ExpectedConditions.java:658)
at org.openqa.selenium.support.ui.FluentWait.until(FluentWait.java:203)
at org.tests.ViewPolicyTests.US12_ExportToExcelUI.exportToExcelEnabled(US12_ExportToExcelUI.java:30)
at java.base/java.util.ArrayList.forEach(ArrayList.java:1604)
at com.intellij.rt.testng.IDEARemoteTestNG.run(IDEARemoteTestNG.java:65)
at com.intellij.rt.testng.RemoteTestNGStarter.main(RemoteTestNGStarter.java:105)
... Removed 25 stack frames]]>
    </failure>
  </testcase> <!-- exportToExcelEnabled -->
  <testcase classname="org.tests.ViewPolicyTests.US17_MainCategoryFunctionality" name="multiSelectValidation" time="1.601"/>
  <testcase classname="org.tests.ViewPolicyTests.US17_MainCategoryFunctionality" name="removeButtonValidation" time="0.967"/>
  <testcase classname="org.tests.ViewPolicyTests.US17_MainCategoryFunctionality" name="availablePoliciesValidation" time="0.396"/>
  <testcase classname="org.tests.ViewPolicyTests.US17_MainCategoryFunctionality" name="validateMainCategorySearchAutoSuggest" time="7.863"/>
  <testcase classname="org.tests.ViewPolicyTests.US22_ResetButtonFunctionality" name="resetButtonValidation" time="2.162"/>
  <testcase classname="org.tests.ViewPolicyTests.US22_ResetButtonFunctionality" name="defaultStateValidation" time="0.658"/>
  <testcase classname="org.tests.ViewPolicyTests.US22_ResetButtonFunctionality" name="tableValidation" time="3.177"/>
  <testcase classname="org.tests.ViewPolicyTests.US26_ExportToCSVFunctionality" name="testExportToCSVDownload" time="5.449"/>
  <testcase classname="org.tests.ModifyPolicyTests.US31_PolicyNameUI" name="labelValidation" time="0.092"/>
  <testcase classname="org.tests.ModifyPolicyTests.US31_PolicyNameUI" name="dropdownValidation" time="0.083"/>
  <testcase classname="org.tests.ModifyPolicyTests.US31_PolicyNameUI" name="defaultValue" time="0.173"/>
  <testcase classname="org.tests.ModifyPolicyTests.US31_PolicyNameUI" name="clickableValidation" time="0.058"/>
  <testcase classname="org.tests.ModifyPolicyTests.US33_SearchUI" name="labelValidation" time="0.062"/>
  <testcase classname="org.tests.ModifyPolicyTests.US33_SearchUI" name="searchEnable" time="0.084"/>
  <testcase classname="org.tests.ModifyPolicyTests.US36_EmptyTableUI" name="emptyStateValidation" time="3.896">
    <failure type="java.lang.AssertionError" message="No records found message is not displayed expected [true] but found [false]">
      <![CDATA[java.lang.AssertionError: No records found message is not displayed expected [true] but found [false]
at org.tests.ModifyPolicyTests.US36_EmptyTableUI.emptyStateValidation(US36_EmptyTableUI.java:55)
at java.base/java.util.ArrayList.forEach(ArrayList.java:1604)
at com.intellij.rt.testng.IDEARemoteTestNG.run(IDEARemoteTestNG.java:65)
at com.intellij.rt.testng.RemoteTestNGStarter.main(RemoteTestNGStarter.java:105)
... Removed 25 stack frames]]>
    </failure>
  </testcase> <!-- emptyStateValidation -->
  <testcase classname="org.tests.ModifyPolicyTests.US45_ModifyPolicyBreadcrumFunctionality" name="linkClickable" time="0.062"/>
  <testcase classname="org.tests.ModifyPolicyTests.US45_ModifyPolicyBreadcrumFunctionality" name="policyPageRedirect" time="0.648"/>
  <testcase classname="org.tests.ModifyPolicyTests.US49_PolicyStatusFunctionality" name="defaultValue" time="0.065"/>
  <testcase classname="org.tests.ModifyPolicyTests.US49_PolicyStatusFunctionality" name="dropdownsOptions" time="0.362"/>
  <testcase classname="org.tests.ModifyPolicyTests.US49_PolicyStatusFunctionality" name="oneSelectionValidation" time="0.727"/>
  <testcase classname="org.tests.ModifyPolicyTests.US52_PaginationFunctionality" name="paginationValidation" time="0.916"/>
  <testcase classname="org.tests.ModifyPolicyTests.US52_PaginationFunctionality" name="pageCountValidation" time="3.785">
    <failure type="org.openqa.selenium.StaleElementReferenceException" message="stale element reference: stale element not found
  (Session info: chrome=142.0.7444.176)
For documentation on this error, please visit: https://www.selenium.dev/documentation/webdriver/troubleshooting/errors#staleelementreferenceexception
Build info: version: &amp;apos;4.39.0&amp;apos;, revision: &amp;apos;126f156aee&amp;apos;
System info: os.name: &amp;apos;Windows 11&amp;apos;, os.arch: &amp;apos;amd64&amp;apos;, os.version: &amp;apos;10.0&amp;apos;, java.version: &amp;apos;25&amp;apos;
Driver info: org.openqa.selenium.chrome.ChromeDriver
Command: [456036cefad1efa7ec4ffc121a51e807, isElementEnabled {id=f.453AF7016A8263E1312E6EABC008A5DB.d.BC54755487A70662E8CA5C18B6EE84E7.e.1460}]
Capabilities {acceptInsecureCerts: false, browserName: chrome, browserVersion: 142.0.7444.176, chrome: {chromedriverVersion: 142.0.7444.175 (302067f14a4..., userDataDir: C:\Users\2461307\AppData\Lo...}, fedcm:accounts: true, goog:chromeOptions: {debuggerAddress: localhost:61424}, goog:processID: 25112, networkConnectionEnabled: false, pageLoadStrategy: normal, platformName: windows, proxy: Proxy(), se:cdp: ws://localhost:61424/devtoo..., se:cdpVersion: 142.0.7444.176, setWindowRect: true, strictFileInteractability: false, timeouts: {implicit: 0, pageLoad: 300000, script: 30000}, unhandledPromptBehavior: dismiss and notify, webauthn:extension:credBlob: true, webauthn:extension:largeBlob: true, webauthn:extension:minPinLength: true, webauthn:extension:prf: true, webauthn:virtualAuthenticators: true}
Element: [[ChromeDriver: chrome on windows (456036cefad1efa7ec4ffc121a51e807)] -&amp;gt; xpath: //select[@id=&amp;apos;ContentPlaceHolder_Admin_ddlStatus&amp;apos;]]
Session ID: 456036cefad1efa7ec4ffc121a51e807">
      <![CDATA[org.openqa.selenium.StaleElementReferenceException: stale element reference: stale element not found
  (Session info: chrome=142.0.7444.176)
For documentation on this error, please visit: https://www.selenium.dev/documentation/webdriver/troubleshooting/errors#staleelementreferenceexception
Build info: version: '4.39.0', revision: '126f156aee'
System info: os.name: 'Windows 11', os.arch: 'amd64', os.version: '10.0', java.version: '25'
Driver info: org.openqa.selenium.chrome.ChromeDriver
Command: [456036cefad1efa7ec4ffc121a51e807, isElementEnabled {id=f.453AF7016A8263E1312E6EABC008A5DB.d.BC54755487A70662E8CA5C18B6EE84E7.e.1460}]
Capabilities {acceptInsecureCerts: false, browserName: chrome, browserVersion: 142.0.7444.176, chrome: {chromedriverVersion: 142.0.7444.175 (302067f14a4..., userDataDir: C:\Users\2461307\AppData\Lo...}, fedcm:accounts: true, goog:chromeOptions: {debuggerAddress: localhost:61424}, goog:processID: 25112, networkConnectionEnabled: false, pageLoadStrategy: normal, platformName: windows, proxy: Proxy(), se:cdp: ws://localhost:61424/devtoo..., se:cdpVersion: 142.0.7444.176, setWindowRect: true, strictFileInteractability: false, timeouts: {implicit: 0, pageLoad: 300000, script: 30000}, unhandledPromptBehavior: dismiss and notify, webauthn:extension:credBlob: true, webauthn:extension:largeBlob: true, webauthn:extension:minPinLength: true, webauthn:extension:prf: true, webauthn:virtualAuthenticators: true}
Element: [[ChromeDriver: chrome on windows (456036cefad1efa7ec4ffc121a51e807)] -> xpath: //select[@id='ContentPlaceHolder_Admin_ddlStatus']]
Session ID: 456036cefad1efa7ec4ffc121a51e807
at org.openqa.selenium.remote.ErrorCodec.decode(ErrorCodec.java:167)
at org.openqa.selenium.remote.codec.w3c.W3CHttpResponseCodec.decode(W3CHttpResponseCodec.java:142)
at org.openqa.selenium.remote.codec.w3c.W3CHttpResponseCodec.decode(W3CHttpResponseCodec.java:49)
at org.openqa.selenium.remote.HttpCommandExecutor.execute(HttpCommandExecutor.java:215)
at org.openqa.selenium.remote.service.DriverCommandExecutor.invokeExecute(DriverCommandExecutor.java:216)
at org.openqa.selenium.remote.service.DriverCommandExecutor.execute(DriverCommandExecutor.java:174)
at org.openqa.selenium.remote.RemoteWebDriver.execute(RemoteWebDriver.java:561)
at org.openqa.selenium.remote.RemoteWebElement.execute(RemoteWebElement.java:223)
at org.openqa.selenium.remote.RemoteWebElement.isEnabled(RemoteWebElement.java:181)
at org.openqa.selenium.support.ui.Select.assertSelectIsEnabled(Select.java:408)
at org.openqa.selenium.support.ui.Select.selectByIndex(Select.java:172)
at org.tests.ModifyPolicyTests.US52_PaginationFunctionality.pageCountValidation(US52_PaginationFunctionality.java:100)
at java.base/java.util.ArrayList.forEach(ArrayList.java:1604)
at com.intellij.rt.testng.IDEARemoteTestNG.run(IDEARemoteTestNG.java:65)
at com.intellij.rt.testng.RemoteTestNGStarter.main(RemoteTestNGStarter.java:105)
... Removed 25 stack frames]]>
    </failure>
  </testcase> <!-- pageCountValidation -->
  <testcase classname="org.tests.ModifyPolicyTests.US52_PaginationFunctionality" name="ellipsisValidation" time="1.154">
    <failure type="org.openqa.selenium.ElementClickInterceptedException" message="element click intercepted: Element &amp;lt;input type=&amp;quot;submit&amp;quot; name=&amp;quot;ctl00$ContentPlaceHolder_Admin$btnReset&amp;quot; value=&amp;quot;Reset&amp;quot; id=&amp;quot;ContentPlaceHolder_Admin_btnReset&amp;quot; class=&amp;quot;btn btn-secondary&amp;quot;&amp;gt; is not clickable at point (475, 58). Other element would receive the click: &amp;lt;header id=&amp;quot;header&amp;quot; class=&amp;quot;header fixed-top d-flex align-items-center header-scrolled&amp;quot;&amp;gt;...&amp;lt;/header&amp;gt;
  (Session info: chrome=142.0.7444.176)
Build info: version: &amp;apos;4.39.0&amp;apos;, revision: &amp;apos;126f156aee&amp;apos;
System info: os.name: &amp;apos;Windows 11&amp;apos;, os.arch: &amp;apos;amd64&amp;apos;, os.version: &amp;apos;10.0&amp;apos;, java.version: &amp;apos;25&amp;apos;
Driver info: org.openqa.selenium.chrome.ChromeDriver
Command: [456036cefad1efa7ec4ffc121a51e807, clickElement {id=f.453AF7016A8263E1312E6EABC008A5DB.d.AE8881AA44E223C125E34670AAC62176.e.1646}]
Capabilities {acceptInsecureCerts: false, browserName: chrome, browserVersion: 142.0.7444.176, chrome: {chromedriverVersion: 142.0.7444.175 (302067f14a4..., userDataDir: C:\Users\2461307\AppData\Lo...}, fedcm:accounts: true, goog:chromeOptions: {debuggerAddress: localhost:61424}, goog:processID: 25112, networkConnectionEnabled: false, pageLoadStrategy: normal, platformName: windows, proxy: Proxy(), se:cdp: ws://localhost:61424/devtoo..., se:cdpVersion: 142.0.7444.176, setWindowRect: true, strictFileInteractability: false, timeouts: {implicit: 0, pageLoad: 300000, script: 30000}, unhandledPromptBehavior: dismiss and notify, webauthn:extension:credBlob: true, webauthn:extension:largeBlob: true, webauthn:extension:minPinLength: true, webauthn:extension:prf: true, webauthn:virtualAuthenticators: true}
Element: [[ChromeDriver: chrome on windows (456036cefad1efa7ec4ffc121a51e807)] -&amp;gt; xpath: //*[@id=&amp;apos;ContentPlaceHolder_Admin_btnReset&amp;apos;]]
Session ID: 456036cefad1efa7ec4ffc121a51e807">
      <![CDATA[org.openqa.selenium.ElementClickInterceptedException: element click intercepted: Element <input type="submit" name="ctl00$ContentPlaceHolder_Admin$btnReset" value="Reset" id="ContentPlaceHolder_Admin_btnReset" class="btn btn-secondary"> is not clickable at point (475, 58). Other element would receive the click: <header id="header" class="header fixed-top d-flex align-items-center header-scrolled">...</header>
  (Session info: chrome=142.0.7444.176)
Build info: version: '4.39.0', revision: '126f156aee'
System info: os.name: 'Windows 11', os.arch: 'amd64', os.version: '10.0', java.version: '25'
Driver info: org.openqa.selenium.chrome.ChromeDriver
Command: [456036cefad1efa7ec4ffc121a51e807, clickElement {id=f.453AF7016A8263E1312E6EABC008A5DB.d.AE8881AA44E223C125E34670AAC62176.e.1646}]
Capabilities {acceptInsecureCerts: false, browserName: chrome, browserVersion: 142.0.7444.176, chrome: {chromedriverVersion: 142.0.7444.175 (302067f14a4..., userDataDir: C:\Users\2461307\AppData\Lo...}, fedcm:accounts: true, goog:chromeOptions: {debuggerAddress: localhost:61424}, goog:processID: 25112, networkConnectionEnabled: false, pageLoadStrategy: normal, platformName: windows, proxy: Proxy(), se:cdp: ws://localhost:61424/devtoo..., se:cdpVersion: 142.0.7444.176, setWindowRect: true, strictFileInteractability: false, timeouts: {implicit: 0, pageLoad: 300000, script: 30000}, unhandledPromptBehavior: dismiss and notify, webauthn:extension:credBlob: true, webauthn:extension:largeBlob: true, webauthn:extension:minPinLength: true, webauthn:extension:prf: true, webauthn:virtualAuthenticators: true}
Element: [[ChromeDriver: chrome on windows (456036cefad1efa7ec4ffc121a51e807)] -> xpath: //*[@id='ContentPlaceHolder_Admin_btnReset']]
Session ID: 456036cefad1efa7ec4ffc121a51e807
at org.openqa.selenium.remote.ErrorCodec.decode(ErrorCodec.java:167)
at org.openqa.selenium.remote.codec.w3c.W3CHttpResponseCodec.decode(W3CHttpResponseCodec.java:142)
at org.openqa.selenium.remote.codec.w3c.W3CHttpResponseCodec.decode(W3CHttpResponseCodec.java:49)
at org.openqa.selenium.remote.HttpCommandExecutor.execute(HttpCommandExecutor.java:215)
at org.openqa.selenium.remote.service.DriverCommandExecutor.invokeExecute(DriverCommandExecutor.java:216)
at org.openqa.selenium.remote.service.DriverCommandExecutor.execute(DriverCommandExecutor.java:174)
at org.openqa.selenium.remote.RemoteWebDriver.execute(RemoteWebDriver.java:561)
at org.openqa.selenium.remote.RemoteWebElement.execute(RemoteWebElement.java:223)
at org.openqa.selenium.remote.RemoteWebElement.click(RemoteWebElement.java:76)
at org.tests.ModifyPolicyTests.US52_PaginationFunctionality.ellipsisValidation(US52_PaginationFunctionality.java:112)
at java.base/java.util.ArrayList.forEach(ArrayList.java:1604)
at com.intellij.rt.testng.IDEARemoteTestNG.run(IDEARemoteTestNG.java:65)
at com.intellij.rt.testng.RemoteTestNGStarter.main(RemoteTestNGStarter.java:105)
... Removed 25 stack frames]]>
    </failure>
  </testcase> <!-- ellipsisValidation -->
  <testcase classname="org.tests.ModifyPolicyTests.US52_PaginationFunctionality" name="additionalPagesValidation" time="1.371">
    <failure type="org.openqa.selenium.ElementClickInterceptedException" message="element click intercepted: Element is not clickable at point (537, 636)
  (Session info: chrome=142.0.7444.176)
Build info: version: &amp;apos;4.39.0&amp;apos;, revision: &amp;apos;126f156aee&amp;apos;
System info: os.name: &amp;apos;Windows 11&amp;apos;, os.arch: &amp;apos;amd64&amp;apos;, os.version: &amp;apos;10.0&amp;apos;, java.version: &amp;apos;25&amp;apos;
Driver info: org.openqa.selenium.chrome.ChromeDriver
Command: [456036cefad1efa7ec4ffc121a51e807, clickElement {id=f.453AF7016A8263E1312E6EABC008A5DB.d.AE8881AA44E223C125E34670AAC62176.e.1645}]
Capabilities {acceptInsecureCerts: false, browserName: chrome, browserVersion: 142.0.7444.176, chrome: {chromedriverVersion: 142.0.7444.175 (302067f14a4..., userDataDir: C:\Users\2461307\AppData\Lo...}, fedcm:accounts: true, goog:chromeOptions: {debuggerAddress: localhost:61424}, goog:processID: 25112, networkConnectionEnabled: false, pageLoadStrategy: normal, platformName: windows, proxy: Proxy(), se:cdp: ws://localhost:61424/devtoo..., se:cdpVersion: 142.0.7444.176, setWindowRect: true, strictFileInteractability: false, timeouts: {implicit: 0, pageLoad: 300000, script: 30000}, unhandledPromptBehavior: dismiss and notify, webauthn:extension:credBlob: true, webauthn:extension:largeBlob: true, webauthn:extension:minPinLength: true, webauthn:extension:prf: true, webauthn:virtualAuthenticators: true}
Element: [[ChromeDriver: chrome on windows (456036cefad1efa7ec4ffc121a51e807)] -&amp;gt; xpath: //*[@id=&amp;apos;ContentPlaceHolder_Admin_gvPolicies&amp;apos;]/tbody/tr[7]/td/table/tbody/tr/td[11]]
Session ID: 456036cefad1efa7ec4ffc121a51e807">
      <![CDATA[org.openqa.selenium.ElementClickInterceptedException: element click intercepted: Element is not clickable at point (537, 636)
  (Session info: chrome=142.0.7444.176)
Build info: version: '4.39.0', revision: '126f156aee'
System info: os.name: 'Windows 11', os.arch: 'amd64', os.version: '10.0', java.version: '25'
Driver info: org.openqa.selenium.chrome.ChromeDriver
Command: [456036cefad1efa7ec4ffc121a51e807, clickElement {id=f.453AF7016A8263E1312E6EABC008A5DB.d.AE8881AA44E223C125E34670AAC62176.e.1645}]
Capabilities {acceptInsecureCerts: false, browserName: chrome, browserVersion: 142.0.7444.176, chrome: {chromedriverVersion: 142.0.7444.175 (302067f14a4..., userDataDir: C:\Users\2461307\AppData\Lo...}, fedcm:accounts: true, goog:chromeOptions: {debuggerAddress: localhost:61424}, goog:processID: 25112, networkConnectionEnabled: false, pageLoadStrategy: normal, platformName: windows, proxy: Proxy(), se:cdp: ws://localhost:61424/devtoo..., se:cdpVersion: 142.0.7444.176, setWindowRect: true, strictFileInteractability: false, timeouts: {implicit: 0, pageLoad: 300000, script: 30000}, unhandledPromptBehavior: dismiss and notify, webauthn:extension:credBlob: true, webauthn:extension:largeBlob: true, webauthn:extension:minPinLength: true, webauthn:extension:prf: true, webauthn:virtualAuthenticators: true}
Element: [[ChromeDriver: chrome on windows (456036cefad1efa7ec4ffc121a51e807)] -> xpath: //*[@id='ContentPlaceHolder_Admin_gvPolicies']/tbody/tr[7]/td/table/tbody/tr/td[11]]
Session ID: 456036cefad1efa7ec4ffc121a51e807
at org.openqa.selenium.remote.ErrorCodec.decode(ErrorCodec.java:167)
at org.openqa.selenium.remote.codec.w3c.W3CHttpResponseCodec.decode(W3CHttpResponseCodec.java:142)
at org.openqa.selenium.remote.codec.w3c.W3CHttpResponseCodec.decode(W3CHttpResponseCodec.java:49)
at org.openqa.selenium.remote.HttpCommandExecutor.execute(HttpCommandExecutor.java:215)
at org.openqa.selenium.remote.service.DriverCommandExecutor.invokeExecute(DriverCommandExecutor.java:216)
at org.openqa.selenium.remote.service.DriverCommandExecutor.execute(DriverCommandExecutor.java:174)
at org.openqa.selenium.remote.RemoteWebDriver.execute(RemoteWebDriver.java:561)
at org.openqa.selenium.remote.RemoteWebElement.execute(RemoteWebElement.java:223)
at org.openqa.selenium.remote.RemoteWebElement.click(RemoteWebElement.java:76)
at org.tests.ModifyPolicyTests.US52_PaginationFunctionality.additionalPagesValidation(US52_PaginationFunctionality.java:125)
at java.base/java.util.ArrayList.forEach(ArrayList.java:1604)
at com.intellij.rt.testng.IDEARemoteTestNG.run(IDEARemoteTestNG.java:65)
at com.intellij.rt.testng.RemoteTestNGStarter.main(RemoteTestNGStarter.java:105)
... Removed 25 stack frames]]>
    </failure>
  </testcase> <!-- additionalPagesValidation -->
  <testcase classname="org.tests.BaseTest" name="@AfterSuite tearDown" time="0.0">
    <ignored/>
  </testcase> <!-- @AfterSuite tearDown -->
  <testcase classname="org.tests.BaseTest" name="@BeforeSuite setUp" time="0.0">
    <ignored/>
  </testcase> <!-- @BeforeSuite setUp -->
  <testcase classname="org.tests.BaseTest" name="@BeforeSuite setUp" time="0.0">
    <ignored/>
  </testcase> <!-- @BeforeSuite setUp -->
  <testcase classname="org.tests.BaseTest" name="@BeforeSuite setUp" time="0.0">
    <ignored/>
  </testcase> <!-- @BeforeSuite setUp -->
  <testcase classname="org.tests.BaseTest" name="@BeforeSuite setUp" time="0.0">
    <ignored/>
  </testcase> <!-- @BeforeSuite setUp -->
  <testcase classname="org.tests.BaseTest" name="@BeforeSuite setUp" time="0.0">
    <ignored/>
  </testcase> <!-- @BeforeSuite setUp -->
  <testcase classname="org.tests.BaseTest" name="@AfterSuite tearDown" time="0.0">
    <ignored/>
  </testcase> <!-- @AfterSuite tearDown -->
  <testcase classname="org.tests.BaseTest" name="@BeforeSuite setUp" time="0.0">
    <ignored/>
  </testcase> <!-- @BeforeSuite setUp -->
  <testcase classname="org.tests.BaseTest" name="@BeforeSuite setUp" time="0.0">
    <ignored/>
  </testcase> <!-- @BeforeSuite setUp -->
  <testcase classname="org.tests.BaseTest" name="@AfterSuite tearDown" time="0.0">
    <ignored/>
  </testcase> <!-- @AfterSuite tearDown -->
  <testcase classname="org.tests.BaseTest" name="@AfterSuite tearDown" time="0.0">
    <ignored/>
  </testcase> <!-- @AfterSuite tearDown -->
  <testcase classname="org.tests.BaseTest" name="@AfterSuite tearDown" time="0.0">
    <ignored/>
  </testcase> <!-- @AfterSuite tearDown -->
  <testcase classname="org.tests.BaseTest" name="@BeforeSuite setUp" time="0.0">
    <ignored/>
  </testcase> <!-- @BeforeSuite setUp -->
  <testcase classname="org.tests.BaseTest" name="@AfterSuite tearDown" time="0.0">
    <ignored/>
  </testcase> <!-- @AfterSuite tearDown -->
  <testcase classname="org.tests.BaseTest" name="@BeforeSuite setUp" time="0.0">
    <ignored/>
  </testcase> <!-- @BeforeSuite setUp -->
  <testcase classname="org.tests.BaseTest" name="@AfterSuite tearDown" time="0.0">
    <ignored/>
  </testcase> <!-- @AfterSuite tearDown -->
  <testcase classname="org.tests.BaseTest" name="@AfterSuite tearDown" time="0.0">
    <ignored/>
  </testcase> <!-- @AfterSuite tearDown -->
  <testcase classname="org.tests.BaseTest" name="@BeforeSuite setUp" time="0.0">
    <ignored/>
  </testcase> <!-- @BeforeSuite setUp -->
  <testcase classname="org.tests.BaseTest" name="@AfterSuite tearDown" time="0.0">
    <ignored/>
  </testcase> <!-- @AfterSuite tearDown -->
  <testcase classname="org.tests.BaseTest" name="@AfterSuite tearDown" time="0.0">
    <ignored/>
  </testcase> <!-- @AfterSuite tearDown -->
</testsuite> <!-- Binoy’s User Stories -->
