<?xml version="1.0" encoding="UTF-8"?>
<!-- Generated by org.testng.reporters.JUnitXMLReporter -->
<testsuite ignored="18" hostname="LTIN674879" failures="3" tests="21" name="Indrajeet’s User Stories" time="43.897" errors="0" timestamp="2026-02-25T13:56:11 IST">
  <testcase classname="org.tests.ViewPolicyTests.US06_SearchUI" name="searchButtonEnabled" time="0.436"/>
  <testcase classname="org.tests.ViewPolicyTests.US09_EmptyTableUI" name="verifyNoRecordsMessage" time="3.173">
    <failure type="java.lang.AssertionError" message="Expected a message row after search &amp;apos;No Records Found&amp;apos;. expected [true] but found [false]">
      <![CDATA[java.lang.AssertionError: Expected a message row after search 'No Records Found'. expected [true] but found [false]
at org.tests.ViewPolicyTests.US09_EmptyTableUI.verifyNoRecordsMessage(US09_EmptyTableUI.java:60)
at java.base/java.util.ArrayList.forEach(ArrayList.java:1604)
at com.intellij.rt.testng.IDEARemoteTestNG.run(IDEARemoteTestNG.java:65)
at com.intellij.rt.testng.RemoteTestNGStarter.main(RemoteTestNGStarter.java:105)
... Removed 25 stack frames]]>
    </failure>
  </testcase> <!-- verifyNoRecordsMessage -->
  <testcase classname="org.tests.ViewPolicyTests.US14_ExportToCSVUI" name="performSearch" time="6.08"/>
  <testcase classname="org.tests.ViewPolicyTests.US14_ExportToCSVUI" name="validateCSVButton" time="0.037">
    <failure type="java.lang.AssertionError" message="Defect: Export button enabled without records.">
      <![CDATA[java.lang.AssertionError: Defect: Export button enabled without records.
at org.tests.ViewPolicyTests.US14_ExportToCSVUI.validateCSVButton(US14_ExportToCSVUI.java:73)
at java.base/java.util.ArrayList.forEach(ArrayList.java:1604)
at com.intellij.rt.testng.IDEARemoteTestNG.run(IDEARemoteTestNG.java:65)
at com.intellij.rt.testng.RemoteTestNGStarter.main(RemoteTestNGStarter.java:105)
... Removed 23 stack frames]]>
    </failure>
  </testcase> <!-- validateCSVButton -->
  <testcase classname="org.tests.ViewPolicyTests.US21_SearchButtonFunctionality" name="applyFiltersAndSearch" time="4.613"/>
  <testcase classname="org.tests.ViewPolicyTests.US21_SearchButtonFunctionality" name="captureTableData" time="0.235">
    <failure type="java.lang.AssertionError" message="No records found in table.">
      <![CDATA[java.lang.AssertionError: No records found in table.
at org.tests.ViewPolicyTests.US21_SearchButtonFunctionality.captureTableData(US21_SearchButtonFunctionality.java:71)
at java.base/java.util.ArrayList.forEach(ArrayList.java:1604)
at com.intellij.rt.testng.IDEARemoteTestNG.run(IDEARemoteTestNG.java:65)
at com.intellij.rt.testng.RemoteTestNGStarter.main(RemoteTestNGStarter.java:105)
... Removed 23 stack frames]]>
    </failure>
  </testcase> <!-- captureTableData -->
  <testcase classname="org.tests.ViewPolicyTests.US21_SearchButtonFunctionality" name="validateSearchResults" time="0.0">
    <skipped/>
  </testcase> <!-- validateSearchResults -->
  <testcase classname="org.tests.ModifyPolicyTests.US29_MainCategoryUI" name="validateTitle" time="0.131"/>
  <testcase classname="org.tests.ModifyPolicyTests.US29_MainCategoryUI" name="validateDropdownStatus" time="0.241"/>
  <testcase classname="org.tests.ModifyPolicyTests.US29_MainCategoryUI" name="validateDropdownSelection" time="0.635"/>
  <testcase classname="org.tests.ModifyPolicyTests.US32_PolicyStatusUI" name="validateLabelDisplay" time="0.12"/>
  <testcase classname="org.tests.ModifyPolicyTests.US32_PolicyStatusUI" name="validateDropdownInitialState" time="0.224"/>
  <testcase classname="org.tests.ModifyPolicyTests.US32_PolicyStatusUI" name="validateDropdownSelection" time="0.514"/>
  <testcase classname="org.tests.ModifyPolicyTests.US37_TableDataUI" name="validateTableStructure" time="0.125"/>
  <testcase classname="org.tests.ModifyPolicyTests.US37_TableDataUI" name="validateCellContent" time="2.838"/>
  <testcase classname="org.tests.ModifyPolicyTests.US39_ScrollToTopUI" name="validateScrollToTop" time="7.046"/>
  <testcase classname="org.tests.ModifyPolicyTests.US54_UpdateActionFunctionality" name="validateUpdateWindow" time="1.483"/>
  <testcase classname="org.tests.ModifyPolicyTests.US54_UpdateActionFunctionality" name="verifyFieldData" time="0.33"/>
  <testcase classname="org.tests.ModifyPolicyTests.US56_CancelFunctionality" name="validateUpdateWindowSelection" time="0.822"/>
  <testcase classname="org.tests.ModifyPolicyTests.US56_CancelFunctionality" name="validateCancelButtonAndRedirection" time="0.626"/>
  <testcase classname="org.tests.ModifyPolicyTests.US56_CancelFunctionality" name="verifyDataStability" time="0.001"/>
  <testcase classname="org.tests.BaseTest" name="@BeforeSuite setUp" time="0.0">
    <ignored/>
  </testcase> <!-- @BeforeSuite setUp -->
  <testcase classname="org.tests.BaseTest" name="@BeforeSuite setUp" time="0.0">
    <ignored/>
  </testcase> <!-- @BeforeSuite setUp -->
  <testcase classname="org.tests.BaseTest" name="@AfterSuite tearDown" time="0.0">
    <ignored/>
  </testcase> <!-- @AfterSuite tearDown -->
  <testcase classname="org.tests.BaseTest" name="@AfterSuite tearDown" time="0.0">
    <ignored/>
  </testcase> <!-- @AfterSuite tearDown -->
  <testcase classname="org.tests.BaseTest" name="@BeforeSuite setUp" time="0.0">
    <ignored/>
  </testcase> <!-- @BeforeSuite setUp -->
  <testcase classname="org.tests.BaseTest" name="@BeforeSuite setUp" time="0.0">
    <ignored/>
  </testcase> <!-- @BeforeSuite setUp -->
  <testcase classname="org.tests.BaseTest" name="@AfterSuite tearDown" time="0.0">
    <ignored/>
  </testcase> <!-- @AfterSuite tearDown -->
  <testcase classname="org.tests.BaseTest" name="@AfterSuite tearDown" time="0.0">
    <ignored/>
  </testcase> <!-- @AfterSuite tearDown -->
  <testcase classname="org.tests.BaseTest" name="@BeforeSuite setUp" time="0.0">
    <ignored/>
  </testcase> <!-- @BeforeSuite setUp -->
  <testcase classname="org.tests.BaseTest" name="@AfterSuite tearDown" time="0.0">
    <ignored/>
  </testcase> <!-- @AfterSuite tearDown -->
  <testcase classname="org.tests.BaseTest" name="@AfterSuite tearDown" time="0.0">
    <ignored/>
  </testcase> <!-- @AfterSuite tearDown -->
  <testcase classname="org.tests.BaseTest" name="@AfterSuite tearDown" time="0.0">
    <ignored/>
  </testcase> <!-- @AfterSuite tearDown -->
  <testcase classname="org.tests.BaseTest" name="@AfterSuite tearDown" time="0.0">
    <ignored/>
  </testcase> <!-- @AfterSuite tearDown -->
  <testcase classname="org.tests.BaseTest" name="@BeforeSuite setUp" time="0.0">
    <ignored/>
  </testcase> <!-- @BeforeSuite setUp -->
  <testcase classname="org.tests.BaseTest" name="@AfterSuite tearDown" time="0.0">
    <ignored/>
  </testcase> <!-- @AfterSuite tearDown -->
  <testcase classname="org.tests.BaseTest" name="@BeforeSuite setUp" time="0.0">
    <ignored/>
  </testcase> <!-- @BeforeSuite setUp -->
  <testcase classname="org.tests.BaseTest" name="@BeforeSuite setUp" time="0.0">
    <ignored/>
  </testcase> <!-- @BeforeSuite setUp -->
  <testcase classname="org.tests.BaseTest" name="@BeforeSuite setUp" time="0.0">
    <ignored/>
  </testcase> <!-- @BeforeSuite setUp -->
</testsuite> <!-- Indrajeet’s User Stories -->
