<?xml version="1.0" encoding="UTF-8"?>
<testng-results ignored="0" total="29" passed="24" failed="5" skipped="0">
  <reporter-output>
  </reporter-output>
  <suite started-at="2026-02-25T14:19:52 IST" name="InsurEdge Suite" finished-at="2026-02-25T14:20:47 IST" duration-ms="55578">
    <groups>
    </groups>
    <test started-at="2026-02-25T14:19:52 IST" name="Binoy’s User Stories" finished-at="2026-02-25T14:20:47 IST" duration-ms="55578">
      <class name="org.tests.ViewPolicyTests.US26_ExportToCSVFunctionality">
        <test-method is-config="true" signature="navigateToViewPolicy()[pri:0, instance:org.tests.ViewPolicyTests.US26_ExportToCSVFunctionality@54d9d12d]" started-at="2026-02-25T14:20:18 IST" name="navigateToViewPolicy" finished-at="2026-02-25T14:20:19 IST" duration-ms="1296" status="PASS">
          <reporter-output>
          </reporter-output>
        </test-method> <!-- navigateToViewPolicy -->
        <test-method signature="testExportToCSVDownload()[pri:1, instance:org.tests.ViewPolicyTests.US26_ExportToCSVFunctionality@54d9d12d]" started-at="2026-02-25T14:20:19 IST" name="testExportToCSVDownload" finished-at="2026-02-25T14:20:25 IST" duration-ms="5449" status="PASS">
          <reporter-output>
          </reporter-output>
        </test-method> <!-- testExportToCSVDownload -->
      </class> <!-- org.tests.ViewPolicyTests.US26_ExportToCSVFunctionality -->
      <class name="org.tests.ViewPolicyTests.US22_ResetButtonFunctionality">
        <test-method is-config="true" signature="navigateToViewPolicy()[pri:0, instance:org.tests.ViewPolicyTests.US22_ResetButtonFunctionality@3754a4bf]" started-at="2026-02-25T14:20:11 IST" name="navigateToViewPolicy" finished-at="2026-02-25T14:20:12 IST" duration-ms="878" status="PASS">
          <reporter-output>
          </reporter-output>
        </test-method> <!-- navigateToViewPolicy -->
        <test-method signature="resetButtonValidation()[pri:1, instance:org.tests.ViewPolicyTests.US22_ResetButtonFunctionality@3754a4bf]" started-at="2026-02-25T14:20:12 IST" name="resetButtonValidation" finished-at="2026-02-25T14:20:14 IST" duration-ms="2162" status="PASS">
          <reporter-output>
          </reporter-output>
        </test-method> <!-- resetButtonValidation -->
        <test-method signature="defaultStateValidation()[pri:2, instance:org.tests.ViewPolicyTests.US22_ResetButtonFunctionality@3754a4bf]" started-at="2026-02-25T14:20:14 IST" name="defaultStateValidation" finished-at="2026-02-25T14:20:15 IST" duration-ms="658" status="PASS">
          <reporter-output>
          </reporter-output>
        </test-method> <!-- defaultStateValidation -->
        <test-method signature="tableValidation()[pri:3, instance:org.tests.ViewPolicyTests.US22_ResetButtonFunctionality@3754a4bf]" started-at="2026-02-25T14:20:15 IST" name="tableValidation" finished-at="2026-02-25T14:20:18 IST" duration-ms="3177" status="PASS">
          <reporter-output>
          </reporter-output>
        </test-method> <!-- tableValidation -->
      </class> <!-- org.tests.ViewPolicyTests.US22_ResetButtonFunctionality -->
      <class name="org.tests.ModifyPolicyTests.US33_SearchUI">
        <test-method is-config="true" signature="navigateToModifyPolicy()[pri:0, instance:org.tests.ModifyPolicyTests.US33_SearchUI@3eb738bb]" started-at="2026-02-25T14:20:28 IST" name="navigateToModifyPolicy" finished-at="2026-02-25T14:20:29 IST" duration-ms="1228" status="PASS">
          <reporter-output>
          </reporter-output>
        </test-method> <!-- navigateToModifyPolicy -->
        <test-method signature="labelValidation()[pri:1, instance:org.tests.ModifyPolicyTests.US33_SearchUI@3eb738bb]" started-at="2026-02-25T14:20:29 IST" name="labelValidation" finished-at="2026-02-25T14:20:29 IST" duration-ms="62" status="PASS">
          <reporter-output>
          </reporter-output>
        </test-method> <!-- labelValidation -->
        <test-method signature="searchEnable()[pri:2, instance:org.tests.ModifyPolicyTests.US33_SearchUI@3eb738bb]" started-at="2026-02-25T14:20:29 IST" name="searchEnable" finished-at="2026-02-25T14:20:29 IST" depends-on-methods="org.tests.ModifyPolicyTests.US33_SearchUI.labelValidation" duration-ms="84" status="PASS">
          <reporter-output>
          </reporter-output>
        </test-method> <!-- searchEnable -->
      </class> <!-- org.tests.ModifyPolicyTests.US33_SearchUI -->
      <class name="org.tests.ViewPolicyTests.US17_MainCategoryFunctionality">
        <test-method is-config="true" signature="navigateToViewPolicy()[pri:0, instance:org.tests.ViewPolicyTests.US17_MainCategoryFunctionality@41d477ed]" started-at="2026-02-25T14:19:59 IST" name="navigateToViewPolicy" finished-at="2026-02-25T14:20:00 IST" duration-ms="1350" status="PASS">
          <reporter-output>
          </reporter-output>
        </test-method> <!-- navigateToViewPolicy -->
        <test-method signature="multiSelectValidation()[pri:1, instance:org.tests.ViewPolicyTests.US17_MainCategoryFunctionality@41d477ed]" started-at="2026-02-25T14:20:00 IST" name="multiSelectValidation" finished-at="2026-02-25T14:20:02 IST" duration-ms="1601" status="PASS">
          <reporter-output>
          </reporter-output>
        </test-method> <!-- multiSelectValidation -->
        <test-method signature="removeButtonValidation()[pri:2, instance:org.tests.ViewPolicyTests.US17_MainCategoryFunctionality@41d477ed]" started-at="2026-02-25T14:20:02 IST" name="removeButtonValidation" finished-at="2026-02-25T14:20:03 IST" depends-on-methods="org.tests.ViewPolicyTests.US17_MainCategoryFunctionality.multiSelectValidation" duration-ms="967" status="PASS">
          <reporter-output>
          </reporter-output>
        </test-method> <!-- removeButtonValidation -->
        <test-method signature="availablePoliciesValidation()[pri:3, instance:org.tests.ViewPolicyTests.US17_MainCategoryFunctionality@41d477ed]" started-at="2026-02-25T14:20:03 IST" name="availablePoliciesValidation" finished-at="2026-02-25T14:20:03 IST" duration-ms="396" status="PASS">
          <reporter-output>
          </reporter-output>
        </test-method> <!-- availablePoliciesValidation -->
        <test-method signature="validateMainCategorySearchAutoSuggest()[pri:4, instance:org.tests.ViewPolicyTests.US17_MainCategoryFunctionality@41d477ed]" started-at="2026-02-25T14:20:03 IST" name="validateMainCategorySearchAutoSuggest" finished-at="2026-02-25T14:20:11 IST" duration-ms="7863" status="PASS">
          <reporter-output>
          </reporter-output>
        </test-method> <!-- validateMainCategorySearchAutoSuggest -->
      </class> <!-- org.tests.ViewPolicyTests.US17_MainCategoryFunctionality -->
      <class name="org.tests.ModifyPolicyTests.US49_PolicyStatusFunctionality">
        <test-method is-config="true" signature="navigateToModifyPolicy()[pri:0, instance:org.tests.ModifyPolicyTests.US49_PolicyStatusFunctionality@247bddad]" started-at="2026-02-25T14:20:36 IST" name="navigateToModifyPolicy" finished-at="2026-02-25T14:20:38 IST" duration-ms="1302" status="PASS">
          <reporter-output>
          </reporter-output>
        </test-method> <!-- navigateToModifyPolicy -->
        <test-method signature="defaultValue()[pri:1, instance:org.tests.ModifyPolicyTests.US49_PolicyStatusFunctionality@247bddad]" started-at="2026-02-25T14:20:38 IST" name="defaultValue" finished-at="2026-02-25T14:20:38 IST" duration-ms="65" status="PASS">
          <reporter-output>
          </reporter-output>
        </test-method> <!-- defaultValue -->
        <test-method signature="dropdownsOptions()[pri:2, instance:org.tests.ModifyPolicyTests.US49_PolicyStatusFunctionality@247bddad]" started-at="2026-02-25T14:20:38 IST" name="dropdownsOptions" finished-at="2026-02-25T14:20:38 IST" duration-ms="362" status="PASS">
          <reporter-output>
          </reporter-output>
        </test-method> <!-- dropdownsOptions -->
        <test-method signature="oneSelectionValidation()[pri:3, instance:org.tests.ModifyPolicyTests.US49_PolicyStatusFunctionality@247bddad]" started-at="2026-02-25T14:20:38 IST" name="oneSelectionValidation" finished-at="2026-02-25T14:20:39 IST" duration-ms="727" status="PASS">
          <reporter-output>
          </reporter-output>
        </test-method> <!-- oneSelectionValidation -->
      </class> <!-- org.tests.ModifyPolicyTests.US49_PolicyStatusFunctionality -->
      <class name="org.tests.ModifyPolicyTests.US31_PolicyNameUI">
        <test-method is-config="true" signature="navigateToModifyPolicy()[pri:0, instance:org.tests.ModifyPolicyTests.US31_PolicyNameUI@dd05255]" started-at="2026-02-25T14:20:25 IST" name="navigateToModifyPolicy" finished-at="2026-02-25T14:20:27 IST" duration-ms="2514" status="PASS">
          <reporter-output>
          </reporter-output>
        </test-method> <!-- navigateToModifyPolicy -->
        <test-method signature="labelValidation()[pri:1, instance:org.tests.ModifyPolicyTests.US31_PolicyNameUI@dd05255]" started-at="2026-02-25T14:20:27 IST" name="labelValidation" finished-at="2026-02-25T14:20:27 IST" duration-ms="92" status="PASS">
          <reporter-output>
          </reporter-output>
        </test-method> <!-- labelValidation -->
        <test-method signature="dropdownValidation()[pri:2, instance:org.tests.ModifyPolicyTests.US31_PolicyNameUI@dd05255]" started-at="2026-02-25T14:20:27 IST" name="dropdownValidation" finished-at="2026-02-25T14:20:28 IST" duration-ms="83" status="PASS">
          <reporter-output>
          </reporter-output>
        </test-method> <!-- dropdownValidation -->
        <test-method signature="defaultValue()[pri:3, instance:org.tests.ModifyPolicyTests.US31_PolicyNameUI@dd05255]" started-at="2026-02-25T14:20:28 IST" name="defaultValue" finished-at="2026-02-25T14:20:28 IST" duration-ms="173" status="PASS">
          <reporter-output>
          </reporter-output>
        </test-method> <!-- defaultValue -->
        <test-method signature="clickableValidation()[pri:4, instance:org.tests.ModifyPolicyTests.US31_PolicyNameUI@dd05255]" started-at="2026-02-25T14:20:28 IST" name="clickableValidation" finished-at="2026-02-25T14:20:28 IST" duration-ms="58" status="PASS">
          <reporter-output>
          </reporter-output>
        </test-method> <!-- clickableValidation -->
      </class> <!-- org.tests.ModifyPolicyTests.US31_PolicyNameUI -->
      <class name="org.tests.ModifyPolicyTests.US45_ModifyPolicyBreadcrumFunctionality">
        <test-method is-config="true" signature="navigateToModifyPolicy()[pri:0, instance:org.tests.ModifyPolicyTests.US45_ModifyPolicyBreadcrumFunctionality@24aed80c]" started-at="2026-02-25T14:20:35 IST" name="navigateToModifyPolicy" finished-at="2026-02-25T14:20:36 IST" duration-ms="1203" status="PASS">
          <reporter-output>
          </reporter-output>
        </test-method> <!-- navigateToModifyPolicy -->
        <test-method signature="linkClickable()[pri:1, instance:org.tests.ModifyPolicyTests.US45_ModifyPolicyBreadcrumFunctionality@24aed80c]" started-at="2026-02-25T14:20:36 IST" name="linkClickable" finished-at="2026-02-25T14:20:36 IST" duration-ms="62" status="PASS">
          <reporter-output>
          </reporter-output>
        </test-method> <!-- linkClickable -->
        <test-method signature="policyPageRedirect()[pri:2, instance:org.tests.ModifyPolicyTests.US45_ModifyPolicyBreadcrumFunctionality@24aed80c]" started-at="2026-02-25T14:20:36 IST" name="policyPageRedirect" finished-at="2026-02-25T14:20:36 IST" duration-ms="648" status="PASS">
          <reporter-output>
          </reporter-output>
        </test-method> <!-- policyPageRedirect -->
      </class> <!-- org.tests.ModifyPolicyTests.US45_ModifyPolicyBreadcrumFunctionality -->
      <class name="org.tests.ModifyPolicyTests.US52_PaginationFunctionality">
        <test-method is-config="true" signature="navigateToModifyPolicy()[pri:0, instance:org.tests.ModifyPolicyTests.US52_PaginationFunctionality@6f4a47c7]" started-at="2026-02-25T14:20:39 IST" name="navigateToModifyPolicy" finished-at="2026-02-25T14:20:40 IST" duration-ms="1189" status="PASS">
          <reporter-output>
          </reporter-output>
        </test-method> <!-- navigateToModifyPolicy -->
        <test-method signature="paginationValidation()[pri:1, instance:org.tests.ModifyPolicyTests.US52_PaginationFunctionality@6f4a47c7]" started-at="2026-02-25T14:20:40 IST" name="paginationValidation" finished-at="2026-02-25T14:20:41 IST" duration-ms="916" status="PASS">
          <reporter-output>
          </reporter-output>
        </test-method> <!-- paginationValidation -->
        <test-method signature="pageCountValidation()[pri:2, instance:org.tests.ModifyPolicyTests.US52_PaginationFunctionality@6f4a47c7]" started-at="2026-02-25T14:20:41 IST" name="pageCountValidation" finished-at="2026-02-25T14:20:45 IST" duration-ms="3785" status="FAIL">
          <exception class="org.openqa.selenium.StaleElementReferenceException">
            <message>
              <![CDATA[stale element reference: stale element not found
  (Session info: chrome=142.0.7444.176)
For documentation on this error, please visit: https://www.selenium.dev/documentation/webdriver/troubleshooting/errors#staleelementreferenceexception
Build info: version: '4.39.0', revision: '126f156aee'
System info: os.name: 'Windows 11', os.arch: 'amd64', os.version: '10.0', java.version: '25'
Driver info: org.openqa.selenium.chrome.ChromeDriver
Command: [456036cefad1efa7ec4ffc121a51e807, isElementEnabled {id=f.453AF7016A8263E1312E6EABC008A5DB.d.BC54755487A70662E8CA5C18B6EE84E7.e.1460}]
Capabilities {acceptInsecureCerts: false, browserName: chrome, browserVersion: 142.0.7444.176, chrome: {chromedriverVersion: 142.0.7444.175 (302067f14a4..., userDataDir: C:\Users\2461307\AppData\Lo...}, fedcm:accounts: true, goog:chromeOptions: {debuggerAddress: localhost:61424}, goog:processID: 25112, networkConnectionEnabled: false, pageLoadStrategy: normal, platformName: windows, proxy: Proxy(), se:cdp: ws://localhost:61424/devtoo..., se:cdpVersion: 142.0.7444.176, setWindowRect: true, strictFileInteractability: false, timeouts: {implicit: 0, pageLoad: 300000, script: 30000}, unhandledPromptBehavior: dismiss and notify, webauthn:extension:credBlob: true, webauthn:extension:largeBlob: true, webauthn:extension:minPinLength: true, webauthn:extension:prf: true, webauthn:virtualAuthenticators: true}
Element: [[ChromeDriver: chrome on windows (456036cefad1efa7ec4ffc121a51e807)] -> xpath: //select[@id='ContentPlaceHolder_Admin_ddlStatus']]
Session ID: 456036cefad1efa7ec4ffc121a51e807]]>
            </message>
            <full-stacktrace>
              <![CDATA[org.openqa.selenium.StaleElementReferenceException: stale element reference: stale element not found
  (Session info: chrome=142.0.7444.176)
For documentation on this error, please visit: https://www.selenium.dev/documentation/webdriver/troubleshooting/errors#staleelementreferenceexception
Build info: version: '4.39.0', revision: '126f156aee'
System info: os.name: 'Windows 11', os.arch: 'amd64', os.version: '10.0', java.version: '25'
Driver info: org.openqa.selenium.chrome.ChromeDriver
Command: [456036cefad1efa7ec4ffc121a51e807, isElementEnabled {id=f.453AF7016A8263E1312E6EABC008A5DB.d.BC54755487A70662E8CA5C18B6EE84E7.e.1460}]
Capabilities {acceptInsecureCerts: false, browserName: chrome, browserVersion: 142.0.7444.176, chrome: {chromedriverVersion: 142.0.7444.175 (302067f14a4..., userDataDir: C:\Users\2461307\AppData\Lo...}, fedcm:accounts: true, goog:chromeOptions: {debuggerAddress: localhost:61424}, goog:processID: 25112, networkConnectionEnabled: false, pageLoadStrategy: normal, platformName: windows, proxy: Proxy(), se:cdp: ws://localhost:61424/devtoo..., se:cdpVersion: 142.0.7444.176, setWindowRect: true, strictFileInteractability: false, timeouts: {implicit: 0, pageLoad: 300000, script: 30000}, unhandledPromptBehavior: dismiss and notify, webauthn:extension:credBlob: true, webauthn:extension:largeBlob: true, webauthn:extension:minPinLength: true, webauthn:extension:prf: true, webauthn:virtualAuthenticators: true}
Element: [[ChromeDriver: chrome on windows (456036cefad1efa7ec4ffc121a51e807)] -> xpath: //select[@id='ContentPlaceHolder_Admin_ddlStatus']]
Session ID: 456036cefad1efa7ec4ffc121a51e807
at java.base/jdk.internal.reflect.DirectConstructorHandleAccessor.newInstance(DirectConstructorHandleAccessor.java:62)
at java.base/java.lang.reflect.Constructor.newInstanceWithCaller(Constructor.java:499)
at java.base/java.lang.reflect.Constructor.newInstance(Constructor.java:483)
at org.openqa.selenium.remote.ErrorCodec.decode(ErrorCodec.java:167)
at org.openqa.selenium.remote.codec.w3c.W3CHttpResponseCodec.decode(W3CHttpResponseCodec.java:142)
at org.openqa.selenium.remote.codec.w3c.W3CHttpResponseCodec.decode(W3CHttpResponseCodec.java:49)
at org.openqa.selenium.remote.HttpCommandExecutor.execute(HttpCommandExecutor.java:215)
at org.openqa.selenium.remote.service.DriverCommandExecutor.invokeExecute(DriverCommandExecutor.java:216)
at org.openqa.selenium.remote.service.DriverCommandExecutor.execute(DriverCommandExecutor.java:174)
at org.openqa.selenium.remote.RemoteWebDriver.execute(RemoteWebDriver.java:561)
at org.openqa.selenium.remote.RemoteWebElement.execute(RemoteWebElement.java:223)
at org.openqa.selenium.remote.RemoteWebElement.isEnabled(RemoteWebElement.java:181)
at org.openqa.selenium.support.ui.Select.assertSelectIsEnabled(Select.java:408)
at org.openqa.selenium.support.ui.Select.selectByIndex(Select.java:172)
at org.tests.ModifyPolicyTests.US52_PaginationFunctionality.pageCountValidation(US52_PaginationFunctionality.java:100)
at java.base/jdk.internal.reflect.DirectMethodHandleAccessor.invoke(DirectMethodHandleAccessor.java:104)
at java.base/java.lang.reflect.Method.invoke(Method.java:565)
at org.testng.internal.invokers.MethodInvocationHelper.invokeMethod(MethodInvocationHelper.java:139)
at org.testng.internal.invokers.TestInvoker.invokeMethod(TestInvoker.java:664)
at org.testng.internal.invokers.TestInvoker.invokeTestMethod(TestInvoker.java:227)
at org.testng.internal.invokers.MethodRunner.runInSequence(MethodRunner.java:50)
at org.testng.internal.invokers.TestInvoker$MethodInvocationAgent.invoke(TestInvoker.java:957)
at org.testng.internal.invokers.TestInvoker.invokeTestMethods(TestInvoker.java:200)
at org.testng.internal.invokers.TestMethodWorker.invokeTestMethods(TestMethodWorker.java:148)
at org.testng.internal.invokers.TestMethodWorker.run(TestMethodWorker.java:128)
at java.base/java.util.ArrayList.forEach(ArrayList.java:1604)
at org.testng.TestRunner.privateRun(TestRunner.java:848)
at org.testng.TestRunner.run(TestRunner.java:621)
at org.testng.SuiteRunner.runTest(SuiteRunner.java:443)
at org.testng.SuiteRunner.runSequentially(SuiteRunner.java:437)
at org.testng.SuiteRunner.privateRun(SuiteRunner.java:397)
at org.testng.SuiteRunner.run(SuiteRunner.java:336)
at org.testng.SuiteRunnerWorker.runSuite(SuiteRunnerWorker.java:52)
at org.testng.SuiteRunnerWorker.run(SuiteRunnerWorker.java:95)
at org.testng.TestNG.runSuitesSequentially(TestNG.java:1280)
at org.testng.TestNG.runSuitesLocally(TestNG.java:1200)
at org.testng.TestNG.runSuites(TestNG.java:1114)
at org.testng.TestNG.run(TestNG.java:1082)
at com.intellij.rt.testng.IDEARemoteTestNG.run(IDEARemoteTestNG.java:65)
at com.intellij.rt.testng.RemoteTestNGStarter.main(RemoteTestNGStarter.java:105)
]]>
            </full-stacktrace>
          </exception> <!-- org.openqa.selenium.StaleElementReferenceException -->
          <reporter-output>
          </reporter-output>
        </test-method> <!-- pageCountValidation -->
        <test-method signature="ellipsisValidation()[pri:3, instance:org.tests.ModifyPolicyTests.US52_PaginationFunctionality@6f4a47c7]" started-at="2026-02-25T14:20:45 IST" name="ellipsisValidation" finished-at="2026-02-25T14:20:46 IST" duration-ms="1154" status="FAIL">
          <exception class="org.openqa.selenium.ElementClickInterceptedException">
            <message>
              <![CDATA[element click intercepted: Element <input type="submit" name="ctl00$ContentPlaceHolder_Admin$btnReset" value="Reset" id="ContentPlaceHolder_Admin_btnReset" class="btn btn-secondary"> is not clickable at point (475, 58). Other element would receive the click: <header id="header" class="header fixed-top d-flex align-items-center header-scrolled">...</header>
  (Session info: chrome=142.0.7444.176)
Build info: version: '4.39.0', revision: '126f156aee'
System info: os.name: 'Windows 11', os.arch: 'amd64', os.version: '10.0', java.version: '25'
Driver info: org.openqa.selenium.chrome.ChromeDriver
Command: [456036cefad1efa7ec4ffc121a51e807, clickElement {id=f.453AF7016A8263E1312E6EABC008A5DB.d.AE8881AA44E223C125E34670AAC62176.e.1646}]
Capabilities {acceptInsecureCerts: false, browserName: chrome, browserVersion: 142.0.7444.176, chrome: {chromedriverVersion: 142.0.7444.175 (302067f14a4..., userDataDir: C:\Users\2461307\AppData\Lo...}, fedcm:accounts: true, goog:chromeOptions: {debuggerAddress: localhost:61424}, goog:processID: 25112, networkConnectionEnabled: false, pageLoadStrategy: normal, platformName: windows, proxy: Proxy(), se:cdp: ws://localhost:61424/devtoo..., se:cdpVersion: 142.0.7444.176, setWindowRect: true, strictFileInteractability: false, timeouts: {implicit: 0, pageLoad: 300000, script: 30000}, unhandledPromptBehavior: dismiss and notify, webauthn:extension:credBlob: true, webauthn:extension:largeBlob: true, webauthn:extension:minPinLength: true, webauthn:extension:prf: true, webauthn:virtualAuthenticators: true}
Element: [[ChromeDriver: chrome on windows (456036cefad1efa7ec4ffc121a51e807)] -> xpath: //*[@id='ContentPlaceHolder_Admin_btnReset']]
Session ID: 456036cefad1efa7ec4ffc121a51e807]]>
            </message>
            <full-stacktrace>
              <![CDATA[org.openqa.selenium.ElementClickInterceptedException: element click intercepted: Element <input type="submit" name="ctl00$ContentPlaceHolder_Admin$btnReset" value="Reset" id="ContentPlaceHolder_Admin_btnReset" class="btn btn-secondary"> is not clickable at point (475, 58). Other element would receive the click: <header id="header" class="header fixed-top d-flex align-items-center header-scrolled">...</header>
  (Session info: chrome=142.0.7444.176)
Build info: version: '4.39.0', revision: '126f156aee'
System info: os.name: 'Windows 11', os.arch: 'amd64', os.version: '10.0', java.version: '25'
Driver info: org.openqa.selenium.chrome.ChromeDriver
Command: [456036cefad1efa7ec4ffc121a51e807, clickElement {id=f.453AF7016A8263E1312E6EABC008A5DB.d.AE8881AA44E223C125E34670AAC62176.e.1646}]
Capabilities {acceptInsecureCerts: false, browserName: chrome, browserVersion: 142.0.7444.176, chrome: {chromedriverVersion: 142.0.7444.175 (302067f14a4..., userDataDir: C:\Users\2461307\AppData\Lo...}, fedcm:accounts: true, goog:chromeOptions: {debuggerAddress: localhost:61424}, goog:processID: 25112, networkConnectionEnabled: false, pageLoadStrategy: normal, platformName: windows, proxy: Proxy(), se:cdp: ws://localhost:61424/devtoo..., se:cdpVersion: 142.0.7444.176, setWindowRect: true, strictFileInteractability: false, timeouts: {implicit: 0, pageLoad: 300000, script: 30000}, unhandledPromptBehavior: dismiss and notify, webauthn:extension:credBlob: true, webauthn:extension:largeBlob: true, webauthn:extension:minPinLength: true, webauthn:extension:prf: true, webauthn:virtualAuthenticators: true}
Element: [[ChromeDriver: chrome on windows (456036cefad1efa7ec4ffc121a51e807)] -> xpath: //*[@id='ContentPlaceHolder_Admin_btnReset']]
Session ID: 456036cefad1efa7ec4ffc121a51e807
at java.base/jdk.internal.reflect.DirectConstructorHandleAccessor.newInstance(DirectConstructorHandleAccessor.java:62)
at java.base/java.lang.reflect.Constructor.newInstanceWithCaller(Constructor.java:499)
at java.base/java.lang.reflect.Constructor.newInstance(Constructor.java:483)
at org.openqa.selenium.remote.ErrorCodec.decode(ErrorCodec.java:167)
at org.openqa.selenium.remote.codec.w3c.W3CHttpResponseCodec.decode(W3CHttpResponseCodec.java:142)
at org.openqa.selenium.remote.codec.w3c.W3CHttpResponseCodec.decode(W3CHttpResponseCodec.java:49)
at org.openqa.selenium.remote.HttpCommandExecutor.execute(HttpCommandExecutor.java:215)
at org.openqa.selenium.remote.service.DriverCommandExecutor.invokeExecute(DriverCommandExecutor.java:216)
at org.openqa.selenium.remote.service.DriverCommandExecutor.execute(DriverCommandExecutor.java:174)
at org.openqa.selenium.remote.RemoteWebDriver.execute(RemoteWebDriver.java:561)
at org.openqa.selenium.remote.RemoteWebElement.execute(RemoteWebElement.java:223)
at org.openqa.selenium.remote.RemoteWebElement.click(RemoteWebElement.java:76)
at org.tests.ModifyPolicyTests.US52_PaginationFunctionality.ellipsisValidation(US52_PaginationFunctionality.java:112)
at java.base/jdk.internal.reflect.DirectMethodHandleAccessor.invoke(DirectMethodHandleAccessor.java:104)
at java.base/java.lang.reflect.Method.invoke(Method.java:565)
at org.testng.internal.invokers.MethodInvocationHelper.invokeMethod(MethodInvocationHelper.java:139)
at org.testng.internal.invokers.TestInvoker.invokeMethod(TestInvoker.java:664)
at org.testng.internal.invokers.TestInvoker.invokeTestMethod(TestInvoker.java:227)
at org.testng.internal.invokers.MethodRunner.runInSequence(MethodRunner.java:50)
at org.testng.internal.invokers.TestInvoker$MethodInvocationAgent.invoke(TestInvoker.java:957)
at org.testng.internal.invokers.TestInvoker.invokeTestMethods(TestInvoker.java:200)
at org.testng.internal.invokers.TestMethodWorker.invokeTestMethods(TestMethodWorker.java:148)
at org.testng.internal.invokers.TestMethodWorker.run(TestMethodWorker.java:128)
at java.base/java.util.ArrayList.forEach(ArrayList.java:1604)
at org.testng.TestRunner.privateRun(TestRunner.java:848)
at org.testng.TestRunner.run(TestRunner.java:621)
at org.testng.SuiteRunner.runTest(SuiteRunner.java:443)
at org.testng.SuiteRunner.runSequentially(SuiteRunner.java:437)
at org.testng.SuiteRunner.privateRun(SuiteRunner.java:397)
at org.testng.SuiteRunner.run(SuiteRunner.java:336)
at org.testng.SuiteRunnerWorker.runSuite(SuiteRunnerWorker.java:52)
at org.testng.SuiteRunnerWorker.run(SuiteRunnerWorker.java:95)
at org.testng.TestNG.runSuitesSequentially(TestNG.java:1280)
at org.testng.TestNG.runSuitesLocally(TestNG.java:1200)
at org.testng.TestNG.runSuites(TestNG.java:1114)
at org.testng.TestNG.run(TestNG.java:1082)
at com.intellij.rt.testng.IDEARemoteTestNG.run(IDEARemoteTestNG.java:65)
at com.intellij.rt.testng.RemoteTestNGStarter.main(RemoteTestNGStarter.java:105)
]]>
            </full-stacktrace>
          </exception> <!-- org.openqa.selenium.ElementClickInterceptedException -->
          <reporter-output>
          </reporter-output>
        </test-method> <!-- ellipsisValidation -->
        <test-method signature="additionalPagesValidation()[pri:4, instance:org.tests.ModifyPolicyTests.US52_PaginationFunctionality@6f4a47c7]" started-at="2026-02-25T14:20:46 IST" name="additionalPagesValidation" finished-at="2026-02-25T14:20:47 IST" duration-ms="1371" status="FAIL">
          <exception class="org.openqa.selenium.ElementClickInterceptedException">
            <message>
              <![CDATA[element click intercepted: Element is not clickable at point (537, 636)
  (Session info: chrome=142.0.7444.176)
Build info: version: '4.39.0', revision: '126f156aee'
System info: os.name: 'Windows 11', os.arch: 'amd64', os.version: '10.0', java.version: '25'
Driver info: org.openqa.selenium.chrome.ChromeDriver
Command: [456036cefad1efa7ec4ffc121a51e807, clickElement {id=f.453AF7016A8263E1312E6EABC008A5DB.d.AE8881AA44E223C125E34670AAC62176.e.1645}]
Capabilities {acceptInsecureCerts: false, browserName: chrome, browserVersion: 142.0.7444.176, chrome: {chromedriverVersion: 142.0.7444.175 (302067f14a4..., userDataDir: C:\Users\2461307\AppData\Lo...}, fedcm:accounts: true, goog:chromeOptions: {debuggerAddress: localhost:61424}, goog:processID: 25112, networkConnectionEnabled: false, pageLoadStrategy: normal, platformName: windows, proxy: Proxy(), se:cdp: ws://localhost:61424/devtoo..., se:cdpVersion: 142.0.7444.176, setWindowRect: true, strictFileInteractability: false, timeouts: {implicit: 0, pageLoad: 300000, script: 30000}, unhandledPromptBehavior: dismiss and notify, webauthn:extension:credBlob: true, webauthn:extension:largeBlob: true, webauthn:extension:minPinLength: true, webauthn:extension:prf: true, webauthn:virtualAuthenticators: true}
Element: [[ChromeDriver: chrome on windows (456036cefad1efa7ec4ffc121a51e807)] -> xpath: //*[@id='ContentPlaceHolder_Admin_gvPolicies']/tbody/tr[7]/td/table/tbody/tr/td[11]]
Session ID: 456036cefad1efa7ec4ffc121a51e807]]>
            </message>
            <full-stacktrace>
              <![CDATA[org.openqa.selenium.ElementClickInterceptedException: element click intercepted: Element is not clickable at point (537, 636)
  (Session info: chrome=142.0.7444.176)
Build info: version: '4.39.0', revision: '126f156aee'
System info: os.name: 'Windows 11', os.arch: 'amd64', os.version: '10.0', java.version: '25'
Driver info: org.openqa.selenium.chrome.ChromeDriver
Command: [456036cefad1efa7ec4ffc121a51e807, clickElement {id=f.453AF7016A8263E1312E6EABC008A5DB.d.AE8881AA44E223C125E34670AAC62176.e.1645}]
Capabilities {acceptInsecureCerts: false, browserName: chrome, browserVersion: 142.0.7444.176, chrome: {chromedriverVersion: 142.0.7444.175 (302067f14a4..., userDataDir: C:\Users\2461307\AppData\Lo...}, fedcm:accounts: true, goog:chromeOptions: {debuggerAddress: localhost:61424}, goog:processID: 25112, networkConnectionEnabled: false, pageLoadStrategy: normal, platformName: windows, proxy: Proxy(), se:cdp: ws://localhost:61424/devtoo..., se:cdpVersion: 142.0.7444.176, setWindowRect: true, strictFileInteractability: false, timeouts: {implicit: 0, pageLoad: 300000, script: 30000}, unhandledPromptBehavior: dismiss and notify, webauthn:extension:credBlob: true, webauthn:extension:largeBlob: true, webauthn:extension:minPinLength: true, webauthn:extension:prf: true, webauthn:virtualAuthenticators: true}
Element: [[ChromeDriver: chrome on windows (456036cefad1efa7ec4ffc121a51e807)] -> xpath: //*[@id='ContentPlaceHolder_Admin_gvPolicies']/tbody/tr[7]/td/table/tbody/tr/td[11]]
Session ID: 456036cefad1efa7ec4ffc121a51e807
at java.base/jdk.internal.reflect.DirectConstructorHandleAccessor.newInstance(DirectConstructorHandleAccessor.java:62)
at java.base/java.lang.reflect.Constructor.newInstanceWithCaller(Constructor.java:499)
at java.base/java.lang.reflect.Constructor.newInstance(Constructor.java:483)
at org.openqa.selenium.remote.ErrorCodec.decode(ErrorCodec.java:167)
at org.openqa.selenium.remote.codec.w3c.W3CHttpResponseCodec.decode(W3CHttpResponseCodec.java:142)
at org.openqa.selenium.remote.codec.w3c.W3CHttpResponseCodec.decode(W3CHttpResponseCodec.java:49)
at org.openqa.selenium.remote.HttpCommandExecutor.execute(HttpCommandExecutor.java:215)
at org.openqa.selenium.remote.service.DriverCommandExecutor.invokeExecute(DriverCommandExecutor.java:216)
at org.openqa.selenium.remote.service.DriverCommandExecutor.execute(DriverCommandExecutor.java:174)
at org.openqa.selenium.remote.RemoteWebDriver.execute(RemoteWebDriver.java:561)
at org.openqa.selenium.remote.RemoteWebElement.execute(RemoteWebElement.java:223)
at org.openqa.selenium.remote.RemoteWebElement.click(RemoteWebElement.java:76)
at org.tests.ModifyPolicyTests.US52_PaginationFunctionality.additionalPagesValidation(US52_PaginationFunctionality.java:125)
at java.base/jdk.internal.reflect.DirectMethodHandleAccessor.invoke(DirectMethodHandleAccessor.java:104)
at java.base/java.lang.reflect.Method.invoke(Method.java:565)
at org.testng.internal.invokers.MethodInvocationHelper.invokeMethod(MethodInvocationHelper.java:139)
at org.testng.internal.invokers.TestInvoker.invokeMethod(TestInvoker.java:664)
at org.testng.internal.invokers.TestInvoker.invokeTestMethod(TestInvoker.java:227)
at org.testng.internal.invokers.MethodRunner.runInSequence(MethodRunner.java:50)
at org.testng.internal.invokers.TestInvoker$MethodInvocationAgent.invoke(TestInvoker.java:957)
at org.testng.internal.invokers.TestInvoker.invokeTestMethods(TestInvoker.java:200)
at org.testng.internal.invokers.TestMethodWorker.invokeTestMethods(TestMethodWorker.java:148)
at org.testng.internal.invokers.TestMethodWorker.run(TestMethodWorker.java:128)
at java.base/java.util.ArrayList.forEach(ArrayList.java:1604)
at org.testng.TestRunner.privateRun(TestRunner.java:848)
at org.testng.TestRunner.run(TestRunner.java:621)
at org.testng.SuiteRunner.runTest(SuiteRunner.java:443)
at org.testng.SuiteRunner.runSequentially(SuiteRunner.java:437)
at org.testng.SuiteRunner.privateRun(SuiteRunner.java:397)
at org.testng.SuiteRunner.run(SuiteRunner.java:336)
at org.testng.SuiteRunnerWorker.runSuite(SuiteRunnerWorker.java:52)
at org.testng.SuiteRunnerWorker.run(SuiteRunnerWorker.java:95)
at org.testng.TestNG.runSuitesSequentially(TestNG.java:1280)
at org.testng.TestNG.runSuitesLocally(TestNG.java:1200)
at org.testng.TestNG.runSuites(TestNG.java:1114)
at org.testng.TestNG.run(TestNG.java:1082)
at com.intellij.rt.testng.IDEARemoteTestNG.run(IDEARemoteTestNG.java:65)
at com.intellij.rt.testng.RemoteTestNGStarter.main(RemoteTestNGStarter.java:105)
]]>
            </full-stacktrace>
          </exception> <!-- org.openqa.selenium.ElementClickInterceptedException -->
          <reporter-output>
          </reporter-output>
        </test-method> <!-- additionalPagesValidation -->
      </class> <!-- org.tests.ModifyPolicyTests.US52_PaginationFunctionality -->
      <class name="org.tests.ModifyPolicyTests.US36_EmptyTableUI">
        <test-method is-config="true" signature="navigateToModifyPolicy()[pri:0, instance:org.tests.ModifyPolicyTests.US36_EmptyTableUI@3bf7ca37]" started-at="2026-02-25T14:20:29 IST" name="navigateToModifyPolicy" finished-at="2026-02-25T14:20:31 IST" duration-ms="1468" status="PASS">
          <reporter-output>
          </reporter-output>
        </test-method> <!-- navigateToModifyPolicy -->
        <test-method signature="emptyStateValidation()[pri:1, instance:org.tests.ModifyPolicyTests.US36_EmptyTableUI@3bf7ca37]" started-at="2026-02-25T14:20:31 IST" name="emptyStateValidation" finished-at="2026-02-25T14:20:35 IST" duration-ms="3896" status="FAIL">
          <exception class="java.lang.AssertionError">
            <message>
              <![CDATA[No records found message is not displayed expected [true] but found [false]]]>
            </message>
            <full-stacktrace>
              <![CDATA[java.lang.AssertionError: No records found message is not displayed expected [true] but found [false]
at org.testng.Assert.fail(Assert.java:111)
at org.testng.Assert.failNotEquals(Assert.java:1578)
at org.testng.Assert.assertTrue(Assert.java:57)
at org.tests.ModifyPolicyTests.US36_EmptyTableUI.emptyStateValidation(US36_EmptyTableUI.java:55)
at java.base/jdk.internal.reflect.DirectMethodHandleAccessor.invoke(DirectMethodHandleAccessor.java:104)
at java.base/java.lang.reflect.Method.invoke(Method.java:565)
at org.testng.internal.invokers.MethodInvocationHelper.invokeMethod(MethodInvocationHelper.java:139)
at org.testng.internal.invokers.TestInvoker.invokeMethod(TestInvoker.java:664)
at org.testng.internal.invokers.TestInvoker.invokeTestMethod(TestInvoker.java:227)
at org.testng.internal.invokers.MethodRunner.runInSequence(MethodRunner.java:50)
at org.testng.internal.invokers.TestInvoker$MethodInvocationAgent.invoke(TestInvoker.java:957)
at org.testng.internal.invokers.TestInvoker.invokeTestMethods(TestInvoker.java:200)
at org.testng.internal.invokers.TestMethodWorker.invokeTestMethods(TestMethodWorker.java:148)
at org.testng.internal.invokers.TestMethodWorker.run(TestMethodWorker.java:128)
at java.base/java.util.ArrayList.forEach(ArrayList.java:1604)
at org.testng.TestRunner.privateRun(TestRunner.java:848)
at org.testng.TestRunner.run(TestRunner.java:621)
at org.testng.SuiteRunner.runTest(SuiteRunner.java:443)
at org.testng.SuiteRunner.runSequentially(SuiteRunner.java:437)
at org.testng.SuiteRunner.privateRun(SuiteRunner.java:397)
at org.testng.SuiteRunner.run(SuiteRunner.java:336)
at org.testng.SuiteRunnerWorker.runSuite(SuiteRunnerWorker.java:52)
at org.testng.SuiteRunnerWorker.run(SuiteRunnerWorker.java:95)
at org.testng.TestNG.runSuitesSequentially(TestNG.java:1280)
at org.testng.TestNG.runSuitesLocally(TestNG.java:1200)
at org.testng.TestNG.runSuites(TestNG.java:1114)
at org.testng.TestNG.run(TestNG.java:1082)
at com.intellij.rt.testng.IDEARemoteTestNG.run(IDEARemoteTestNG.java:65)
at com.intellij.rt.testng.RemoteTestNGStarter.main(RemoteTestNGStarter.java:105)
]]>
            </full-stacktrace>
          </exception> <!-- java.lang.AssertionError -->
          <reporter-output>
          </reporter-output>
        </test-method> <!-- emptyStateValidation -->
      </class> <!-- org.tests.ModifyPolicyTests.US36_EmptyTableUI -->
      <class name="org.tests.ViewPolicyTests.US12_ExportToExcelUI">
        <test-method is-config="true" signature="navigateToViewPolicy()[pri:0, instance:org.tests.ViewPolicyTests.US12_ExportToExcelUI@130d63be]" started-at="2026-02-25T14:19:57 IST" name="navigateToViewPolicy" finished-at="2026-02-25T14:19:58 IST" duration-ms="1277" status="PASS">
          <reporter-output>
          </reporter-output>
        </test-method> <!-- navigateToViewPolicy -->
        <test-method signature="exportToExcelEnabled()[pri:1, instance:org.tests.ViewPolicyTests.US12_ExportToExcelUI@130d63be]" started-at="2026-02-25T14:19:58 IST" name="exportToExcelEnabled" finished-at="2026-02-25T14:19:59 IST" duration-ms="995" status="FAIL">
          <exception class="org.openqa.selenium.StaleElementReferenceException">
            <message>
              <![CDATA[stale element reference: stale element not found
  (Session info: chrome=142.0.7444.176)
For documentation on this error, please visit: https://www.selenium.dev/documentation/webdriver/troubleshooting/errors#staleelementreferenceexception
Build info: version: '4.39.0', revision: '126f156aee'
System info: os.name: 'Windows 11', os.arch: 'amd64', os.version: '10.0', java.version: '25'
Driver info: org.openqa.selenium.chrome.ChromeDriver
Command: [456036cefad1efa7ec4ffc121a51e807, isElementDisplayed {id=f.453AF7016A8263E1312E6EABC008A5DB.d.8F721AADF23587F69B2B2412B1669DD9.e.135}]
Capabilities {acceptInsecureCerts: false, browserName: chrome, browserVersion: 142.0.7444.176, chrome: {chromedriverVersion: 142.0.7444.175 (302067f14a4..., userDataDir: C:\Users\2461307\AppData\Lo...}, fedcm:accounts: true, goog:chromeOptions: {debuggerAddress: localhost:61424}, goog:processID: 25112, networkConnectionEnabled: false, pageLoadStrategy: normal, platformName: windows, proxy: Proxy(), se:cdp: ws://localhost:61424/devtoo..., se:cdpVersion: 142.0.7444.176, setWindowRect: true, strictFileInteractability: false, timeouts: {implicit: 0, pageLoad: 300000, script: 30000}, unhandledPromptBehavior: dismiss and notify, webauthn:extension:credBlob: true, webauthn:extension:largeBlob: true, webauthn:extension:minPinLength: true, webauthn:extension:prf: true, webauthn:virtualAuthenticators: true}
Element: [[ChromeDriver: chrome on windows (456036cefad1efa7ec4ffc121a51e807)] -> xpath: //*[@id="form1"]/div[3]/div[2]/span/span[1]/span/ul/li/input]
Session ID: 456036cefad1efa7ec4ffc121a51e807]]>
            </message>
            <full-stacktrace>
              <![CDATA[org.openqa.selenium.StaleElementReferenceException: stale element reference: stale element not found
  (Session info: chrome=142.0.7444.176)
For documentation on this error, please visit: https://www.selenium.dev/documentation/webdriver/troubleshooting/errors#staleelementreferenceexception
Build info: version: '4.39.0', revision: '126f156aee'
System info: os.name: 'Windows 11', os.arch: 'amd64', os.version: '10.0', java.version: '25'
Driver info: org.openqa.selenium.chrome.ChromeDriver
Command: [456036cefad1efa7ec4ffc121a51e807, isElementDisplayed {id=f.453AF7016A8263E1312E6EABC008A5DB.d.8F721AADF23587F69B2B2412B1669DD9.e.135}]
Capabilities {acceptInsecureCerts: false, browserName: chrome, browserVersion: 142.0.7444.176, chrome: {chromedriverVersion: 142.0.7444.175 (302067f14a4..., userDataDir: C:\Users\2461307\AppData\Lo...}, fedcm:accounts: true, goog:chromeOptions: {debuggerAddress: localhost:61424}, goog:processID: 25112, networkConnectionEnabled: false, pageLoadStrategy: normal, platformName: windows, proxy: Proxy(), se:cdp: ws://localhost:61424/devtoo..., se:cdpVersion: 142.0.7444.176, setWindowRect: true, strictFileInteractability: false, timeouts: {implicit: 0, pageLoad: 300000, script: 30000}, unhandledPromptBehavior: dismiss and notify, webauthn:extension:credBlob: true, webauthn:extension:largeBlob: true, webauthn:extension:minPinLength: true, webauthn:extension:prf: true, webauthn:virtualAuthenticators: true}
Element: [[ChromeDriver: chrome on windows (456036cefad1efa7ec4ffc121a51e807)] -> xpath: //*[@id="form1"]/div[3]/div[2]/span/span[1]/span/ul/li/input]
Session ID: 456036cefad1efa7ec4ffc121a51e807
at java.base/jdk.internal.reflect.DirectConstructorHandleAccessor.newInstance(DirectConstructorHandleAccessor.java:62)
at java.base/java.lang.reflect.Constructor.newInstanceWithCaller(Constructor.java:499)
at java.base/java.lang.reflect.Constructor.newInstance(Constructor.java:483)
at org.openqa.selenium.remote.ErrorCodec.decode(ErrorCodec.java:167)
at org.openqa.selenium.remote.codec.w3c.W3CHttpResponseCodec.decode(W3CHttpResponseCodec.java:142)
at org.openqa.selenium.remote.codec.w3c.W3CHttpResponseCodec.decode(W3CHttpResponseCodec.java:49)
at org.openqa.selenium.remote.HttpCommandExecutor.execute(HttpCommandExecutor.java:215)
at org.openqa.selenium.remote.service.DriverCommandExecutor.invokeExecute(DriverCommandExecutor.java:216)
at org.openqa.selenium.remote.service.DriverCommandExecutor.execute(DriverCommandExecutor.java:174)
at org.openqa.selenium.remote.RemoteWebDriver.execute(RemoteWebDriver.java:561)
at org.openqa.selenium.remote.RemoteWebElement.execute(RemoteWebElement.java:223)
at org.openqa.selenium.remote.RemoteWebElement.isDisplayed(RemoteWebElement.java:282)
at org.openqa.selenium.support.ui.ExpectedConditions.elementIfVisible(ExpectedConditions.java:308)
at org.openqa.selenium.support.ui.ExpectedConditions$10.apply(ExpectedConditions.java:294)
at org.openqa.selenium.support.ui.ExpectedConditions$10.apply(ExpectedConditions.java:291)
at org.openqa.selenium.support.ui.ExpectedConditions$23.apply(ExpectedConditions.java:662)
at org.openqa.selenium.support.ui.ExpectedConditions$23.apply(ExpectedConditions.java:658)
at org.openqa.selenium.support.ui.FluentWait.until(FluentWait.java:203)
at org.tests.ViewPolicyTests.US12_ExportToExcelUI.exportToExcelEnabled(US12_ExportToExcelUI.java:30)
at java.base/jdk.internal.reflect.DirectMethodHandleAccessor.invoke(DirectMethodHandleAccessor.java:104)
at java.base/java.lang.reflect.Method.invoke(Method.java:565)
at org.testng.internal.invokers.MethodInvocationHelper.invokeMethod(MethodInvocationHelper.java:139)
at org.testng.internal.invokers.TestInvoker.invokeMethod(TestInvoker.java:664)
at org.testng.internal.invokers.TestInvoker.invokeTestMethod(TestInvoker.java:227)
at org.testng.internal.invokers.MethodRunner.runInSequence(MethodRunner.java:50)
at org.testng.internal.invokers.TestInvoker$MethodInvocationAgent.invoke(TestInvoker.java:957)
at org.testng.internal.invokers.TestInvoker.invokeTestMethods(TestInvoker.java:200)
at org.testng.internal.invokers.TestMethodWorker.invokeTestMethods(TestMethodWorker.java:148)
at org.testng.internal.invokers.TestMethodWorker.run(TestMethodWorker.java:128)
at java.base/java.util.ArrayList.forEach(ArrayList.java:1604)
at org.testng.TestRunner.privateRun(TestRunner.java:848)
at org.testng.TestRunner.run(TestRunner.java:621)
at org.testng.SuiteRunner.runTest(SuiteRunner.java:443)
at org.testng.SuiteRunner.runSequentially(SuiteRunner.java:437)
at org.testng.SuiteRunner.privateRun(SuiteRunner.java:397)
at org.testng.SuiteRunner.run(SuiteRunner.java:336)
at org.testng.SuiteRunnerWorker.runSuite(SuiteRunnerWorker.java:52)
at org.testng.SuiteRunnerWorker.run(SuiteRunnerWorker.java:95)
at org.testng.TestNG.runSuitesSequentially(TestNG.java:1280)
at org.testng.TestNG.runSuitesLocally(TestNG.java:1200)
at org.testng.TestNG.runSuites(TestNG.java:1114)
at org.testng.TestNG.run(TestNG.java:1082)
at com.intellij.rt.testng.IDEARemoteTestNG.run(IDEARemoteTestNG.java:65)
at com.intellij.rt.testng.RemoteTestNGStarter.main(RemoteTestNGStarter.java:105)
]]>
            </full-stacktrace>
          </exception> <!-- org.openqa.selenium.StaleElementReferenceException -->
          <reporter-output>
          </reporter-output>
        </test-method> <!-- exportToExcelEnabled -->
      </class> <!-- org.tests.ViewPolicyTests.US12_ExportToExcelUI -->
      <class name="org.tests.ViewPolicyTests.US03_SubCategoryUI">
        <test-method is-config="true" signature="setUp()[pri:0, instance:org.tests.ViewPolicyTests.US03_SubCategoryUI@57a3af25]" started-at="2026-02-25T14:19:42 IST" name="setUp" finished-at="2026-02-25T14:19:52 IST" duration-ms="9689" status="PASS">
          <reporter-output>
          </reporter-output>
        </test-method> <!-- setUp -->
        <test-method is-config="true" signature="navigateToViewPolicy()[pri:0, instance:org.tests.ViewPolicyTests.US03_SubCategoryUI@57a3af25]" started-at="2026-02-25T14:19:52 IST" name="navigateToViewPolicy" finished-at="2026-02-25T14:19:55 IST" duration-ms="2791" status="PASS">
          <reporter-output>
          </reporter-output>
        </test-method> <!-- navigateToViewPolicy -->
        <test-method signature="subCategoryLabelValidation()[pri:1, instance:org.tests.ViewPolicyTests.US03_SubCategoryUI@57a3af25]" started-at="2026-02-25T14:19:55 IST" name="subCategoryLabelValidation" finished-at="2026-02-25T14:19:55 IST" duration-ms="93" status="PASS">
          <reporter-output>
          </reporter-output>
        </test-method> <!-- subCategoryLabelValidation -->
        <test-method signature="emptyTextboxValidation()[pri:2, instance:org.tests.ViewPolicyTests.US03_SubCategoryUI@57a3af25]" started-at="2026-02-25T14:19:55 IST" name="emptyTextboxValidation" finished-at="2026-02-25T14:19:55 IST" duration-ms="77" status="PASS">
          <reporter-output>
          </reporter-output>
        </test-method> <!-- emptyTextboxValidation -->
        <test-method signature="multiselectTextboxValidation()[pri:3, instance:org.tests.ViewPolicyTests.US03_SubCategoryUI@57a3af25]" started-at="2026-02-25T14:19:55 IST" name="multiselectTextboxValidation" finished-at="2026-02-25T14:19:57 IST" duration-ms="1650" status="PASS">
          <reporter-output>
          </reporter-output>
        </test-method> <!-- multiselectTextboxValidation -->
        <test-method signature="crossbtnvalidation()[pri:4, instance:org.tests.ViewPolicyTests.US03_SubCategoryUI@57a3af25]" started-at="2026-02-25T14:19:57 IST" name="crossbtnvalidation" finished-at="2026-02-25T14:19:57 IST" depends-on-methods="org.tests.ViewPolicyTests.US03_SubCategoryUI.multiselectTextboxValidation" duration-ms="163" status="PASS">
          <reporter-output>
          </reporter-output>
        </test-method> <!-- crossbtnvalidation -->
        <test-method is-config="true" signature="tearDown()[pri:0, instance:org.tests.ViewPolicyTests.US03_SubCategoryUI@57a3af25]" started-at="2026-02-25T14:20:48 IST" name="tearDown" finished-at="2026-02-25T14:20:54 IST" duration-ms="6421" status="PASS">
          <reporter-output>
          </reporter-output>
        </test-method> <!-- tearDown -->
      </class> <!-- org.tests.ViewPolicyTests.US03_SubCategoryUI -->
    </test> <!-- Binoy’s User Stories -->
  </suite> <!-- InsurEdge Suite -->
</testng-results>
