<?xml version="1.0" encoding="UTF-8"?>
<!-- Generated by org.testng.reporters.JUnitReportReporter -->
<testsuite hostname="LTIN674879" failures="0" tests="2" name="org.tests.ModifyPolicyTests.US54_UpdateActionFunctionality" time="0.890" errors="0" timestamp="2026-02-25T14:15:49 IST" skipped="0">
  <testcase classname="org.tests.ModifyPolicyTests.US54_UpdateActionFunctionality" name="validateUpdateWindow" time="0.741"/>
  <testcase classname="org.tests.ModifyPolicyTests.US54_UpdateActionFunctionality" name="verifyFieldData" time="0.149"/>
</testsuite> <!-- org.tests.ModifyPolicyTests.US54_UpdateActionFunctionality -->
