<?xml version="1.0" encoding="UTF-8"?>
<!-- Generated by org.testng.reporters.JUnitReportReporter -->
<testsuite hostname="LTIN674879" failures="0" tests="3" name="org.tests.ModifyPolicyTests.US47_SubCategoryFunctionality" time="16.650" errors="0" timestamp="2026-02-25T14:15:49 IST" skipped="0">
  <testcase classname="org.tests.ModifyPolicyTests.US47_SubCategoryFunctionality" name="selectableOptions" time="15.745"/>
  <testcase classname="org.tests.ModifyPolicyTests.US47_SubCategoryFunctionality" name="oneSelectionValidation" time="0.523"/>
  <testcase classname="org.tests.ModifyPolicyTests.US47_SubCategoryFunctionality" name="visibilityValidation" time="0.382"/>
</testsuite> <!-- org.tests.ModifyPolicyTests.US47_SubCategoryFunctionality -->
