<?xml version="1.0" encoding="UTF-8"?>
<!-- Generated by org.testng.reporters.JUnitReportReporter -->
<testsuite hostname="LTIN674879" failures="0" tests="3" name="org.tests.ModifyPolicyTests.US35_TableHeaderUI" time="0.888" errors="0" timestamp="2026-02-25T14:15:49 IST" skipped="0">
  <testcase classname="org.tests.ModifyPolicyTests.US35_TableHeaderUI" name="tableDisplayed" time="0.138"/>
  <testcase classname="org.tests.ModifyPolicyTests.US35_TableHeaderUI" name="tablePosition" time="0.194"/>
  <testcase classname="org.tests.ModifyPolicyTests.US35_TableHeaderUI" name="tableHeaders" time="0.556"/>
</testsuite> <!-- org.tests.ModifyPolicyTests.US35_TableHeaderUI -->
