<?xml version="1.0" encoding="UTF-8"?>
<!-- Generated by org.testng.reporters.JUnitReportReporter -->
<testsuite hostname="LTIN674879" failures="0" tests="4" name="org.tests.ModifyPolicyTests.US34_ResetUI" time="1.468" errors="0" timestamp="2026-02-25T14:15:49 IST" skipped="0">
  <testcase classname="org.tests.ModifyPolicyTests.US34_ResetUI" name="resetButtonPosition" time="0.141"/>
  <testcase classname="org.tests.ModifyPolicyTests.US34_ResetUI" name="resetButtonDisplay" time="0.361"/>
  <testcase classname="org.tests.ModifyPolicyTests.US34_ResetUI" name="resetEnabled" time="0.066"/>
  <testcase classname="org.tests.ModifyPolicyTests.US34_ResetUI" name="resetButtonDropdownClear" time="0.900"/>
</testsuite> <!-- org.tests.ModifyPolicyTests.US34_ResetUI -->
