<?xml version="1.0" encoding="UTF-8"?>
<!-- Generated by org.testng.reporters.JUnitReportReporter -->
<testsuite hostname="LTIN674879" failures="0" tests="2" name="org.tests.ModifyPolicyTests.US41_DeleteActionUI" time="0.287" errors="0" timestamp="2026-02-25T14:15:49 IST" skipped="0">
  <testcase classname="org.tests.ModifyPolicyTests.US41_DeleteActionUI" name="deleteActionPosition" time="0.193"/>
  <testcase classname="org.tests.ModifyPolicyTests.US41_DeleteActionUI" name="deleteActionEnabled" time="0.094"/>
</testsuite> <!-- org.tests.ModifyPolicyTests.US41_DeleteActionUI -->
