<?xml version="1.0" encoding="UTF-8"?>
<!-- Generated by org.testng.reporters.JUnitReportReporter -->
<testsuite hostname="LTIN674879" failures="0" tests="4" name="org.tests.ModifyPolicyTests.US42_UpdatePolicyFormUI" time="1.444" errors="0" timestamp="2026-02-25T14:15:49 IST" skipped="0">
  <testcase classname="org.tests.ModifyPolicyTests.US42_UpdatePolicyFormUI" name="validateTitle" time="0.069"/>
  <testcase classname="org.tests.ModifyPolicyTests.US42_UpdatePolicyFormUI" name="validateFieldOrder" time="0.225"/>
  <testcase classname="org.tests.ModifyPolicyTests.US42_UpdatePolicyFormUI" name="validateLabelsAboveFields" time="1.003"/>
  <testcase classname="org.tests.ModifyPolicyTests.US42_UpdatePolicyFormUI" name="validateButtons" time="0.147"/>
</testsuite> <!-- org.tests.ModifyPolicyTests.US42_UpdatePolicyFormUI -->
