<?xml version="1.0" encoding="UTF-8"?>
<!-- Generated by org.testng.reporters.JUnitReportReporter -->
<testsuite hostname="LTIN674879" failures="1" tests="3" name="org.tests.ViewPolicyTests.US21_SearchButtonFunctionality" time="5.207" errors="0" timestamp="2026-02-25T14:15:49 IST" skipped="1">
  <testcase classname="org.tests.ViewPolicyTests.US21_SearchButtonFunctionality" name="applyFiltersAndSearch" time="5.116"/>
  <testcase classname="org.tests.ViewPolicyTests.US21_SearchButtonFunctionality" name="captureTableData" time="0.091">
    <failure message="No records found in table." type="java.lang.AssertionError">
      <![CDATA[java.lang.AssertionError: No records found in table.
at org.testng.Assert.fail(Assert.java:111)
at org.tests.ViewPolicyTests.US21_SearchButtonFunctionality.captureTableData(US21_SearchButtonFunctionality.java:71)
at java.base/jdk.internal.reflect.DirectMethodHandleAccessor.invoke(DirectMethodHandleAccessor.java:104)
at java.base/java.lang.reflect.Method.invoke(Method.java:565)
at org.testng.internal.invokers.MethodInvocationHelper.invokeMethod(MethodInvocationHelper.java:139)
at org.testng.internal.invokers.TestInvoker.invokeMethod(TestInvoker.java:664)
at org.testng.internal.invokers.TestInvoker.invokeTestMethod(TestInvoker.java:227)
at org.testng.internal.invokers.MethodRunner.runInSequence(MethodRunner.java:50)
at org.testng.internal.invokers.TestInvoker$MethodInvocationAgent.invoke(TestInvoker.java:957)
at org.testng.internal.invokers.TestInvoker.invokeTestMethods(TestInvoker.java:200)
at org.testng.internal.invokers.TestMethodWorker.invokeTestMethods(TestMethodWorker.java:148)
at org.testng.internal.invokers.TestMethodWorker.run(TestMethodWorker.java:128)
at java.base/java.util.ArrayList.forEach(ArrayList.java:1604)
at org.testng.TestRunner.privateRun(TestRunner.java:848)
at org.testng.TestRunner.run(TestRunner.java:621)
at org.testng.SuiteRunner.runTest(SuiteRunner.java:443)
at org.testng.SuiteRunner.runSequentially(SuiteRunner.java:437)
at org.testng.SuiteRunner.privateRun(SuiteRunner.java:397)
at org.testng.SuiteRunner.run(SuiteRunner.java:336)
at org.testng.SuiteRunnerWorker.runSuite(SuiteRunnerWorker.java:52)
at org.testng.SuiteRunnerWorker.run(SuiteRunnerWorker.java:95)
at org.testng.TestNG.runSuitesSequentially(TestNG.java:1280)
at org.testng.TestNG.runSuitesLocally(TestNG.java:1200)
at org.testng.TestNG.runSuites(TestNG.java:1114)
at org.testng.TestNG.run(TestNG.java:1082)
at com.intellij.rt.testng.IDEARemoteTestNG.run(IDEARemoteTestNG.java:65)
at com.intellij.rt.testng.RemoteTestNGStarter.main(RemoteTestNGStarter.java:105)
]]>
    </failure>
  </testcase> <!-- captureTableData -->
  <testcase classname="org.tests.ViewPolicyTests.US21_SearchButtonFunctionality" name="validateSearchResults" time="0.000">
    <skipped/>
  </testcase> <!-- validateSearchResults -->
</testsuite> <!-- org.tests.ViewPolicyTests.US21_SearchButtonFunctionality -->
