<?xml version="1.0" encoding="UTF-8"?>
<!-- Generated by org.testng.reporters.JUnitReportReporter -->
<testsuite hostname="LTIN674879" failures="0" tests="3" name="org.tests.ModifyPolicyTests.US56_CancelFunctionality" time="1.051" errors="0" timestamp="2026-02-25T14:15:49 IST" skipped="0">
  <testcase classname="org.tests.ModifyPolicyTests.US56_CancelFunctionality" name="validateUpdateWindowSelection" time="0.481"/>
  <testcase classname="org.tests.ModifyPolicyTests.US56_CancelFunctionality" name="validateCancelButtonAndRedirection" time="0.570"/>
  <testcase classname="org.tests.ModifyPolicyTests.US56_CancelFunctionality" name="verifyDataStability" time="0.000"/>
</testsuite> <!-- org.tests.ModifyPolicyTests.US56_CancelFunctionality -->
