<?xml version="1.0" encoding="UTF-8"?>
<!-- Generated by org.testng.reporters.JUnitReportReporter -->
<testsuite hostname="LTIN674879" failures="0" tests="1" name="org.tests.ViewPolicyTests.US16_ViewPolicyBreadcrumFunctionality" time="2.173" errors="0" timestamp="2026-02-25T14:15:50 IST" skipped="0">
  <testcase classname="org.tests.ViewPolicyTests.US16_ViewPolicyBreadcrumFunctionality" name="breadcrumNavigationToDashboard" time="2.173"/>
</testsuite> <!-- org.tests.ViewPolicyTests.US16_ViewPolicyBreadcrumFunctionality -->
