<?xml version="1.0" encoding="UTF-8"?>
<!-- Generated by org.testng.reporters.JUnitReportReporter -->
<testsuite hostname="LTIN674879" failures="0" tests="4" name="org.tests.ViewPolicyTests.US05_PolicyStatusUI" time="1.540" errors="0" timestamp="2026-02-25T14:15:49 IST" skipped="0">
  <testcase classname="org.tests.ViewPolicyTests.US05_PolicyStatusUI" name="labelValidation" time="0.034"/>
  <testcase classname="org.tests.ViewPolicyTests.US05_PolicyStatusUI" name="textboxIsEmpty" time="0.112"/>
  <testcase classname="org.tests.ViewPolicyTests.US05_PolicyStatusUI" name="multipleSelection" time="0.942"/>
  <testcase classname="org.tests.ViewPolicyTests.US05_PolicyStatusUI" name="removeSelection" time="0.452"/>
</testsuite> <!-- org.tests.ViewPolicyTests.US05_PolicyStatusUI -->
