<?xml version="1.0" encoding="UTF-8"?>
<!-- Generated by org.testng.reporters.JUnitReportReporter -->
<testsuite hostname="LTIN674879" failures="0" tests="3" name="org.tests.ModifyPolicyTests.US49_PolicyStatusFunctionality" time="1.154" errors="0" timestamp="2026-02-25T14:20:54 IST" skipped="0">
  <testcase classname="org.tests.ModifyPolicyTests.US49_PolicyStatusFunctionality" name="defaultValue" time="0.065"/>
  <testcase classname="org.tests.ModifyPolicyTests.US49_PolicyStatusFunctionality" name="dropdownsOptions" time="0.362"/>
  <testcase classname="org.tests.ModifyPolicyTests.US49_PolicyStatusFunctionality" name="oneSelectionValidation" time="0.727"/>
</testsuite> <!-- org.tests.ModifyPolicyTests.US49_PolicyStatusFunctionality -->
