<?xml version="1.0" encoding="UTF-8"?>
<!-- Generated by org.testng.reporters.JUnitReportReporter -->
<testsuite hostname="LTIN674879" failures="0" tests="2" name="org.tests.ViewPolicyTests.US07_ResetUI" time="0.646" errors="0" timestamp="2026-02-25T14:15:49 IST" skipped="0">
  <testcase classname="org.tests.ViewPolicyTests.US07_ResetUI" name="resetButtonPosition" time="0.224"/>
  <testcase classname="org.tests.ViewPolicyTests.US07_ResetUI" name="resetButtonEnabled" time="0.422"/>
</testsuite> <!-- org.tests.ViewPolicyTests.US07_ResetUI -->
