<?xml version="1.0" encoding="UTF-8"?>
<!-- Generated by org.testng.reporters.JUnitReportReporter -->
<testsuite hostname="LTIN674879" failures="0" tests="2" name="org.tests.ViewPolicyTests.US01_ViewPolicyBreadcrumUI" time="0.416" errors="0" timestamp="2026-02-25T14:15:49 IST" skipped="0">
  <testcase classname="org.tests.ViewPolicyTests.US01_ViewPolicyBreadcrumUI" name="viewPolicyTitle" time="0.144"/>
  <testcase classname="org.tests.ViewPolicyTests.US01_ViewPolicyBreadcrumUI" name="viewPolicyBreadcrumUI" time="0.272"/>
</testsuite> <!-- org.tests.ViewPolicyTests.US01_ViewPolicyBreadcrumUI -->
