<?xml version="1.0" encoding="UTF-8"?>
<!-- Generated by org.testng.reporters.JUnitReportReporter -->
<testsuite hostname="LTIN674879" failures="0" tests="4" name="org.tests.ModifyPolicyTests.US28_ModifyPolicyBreadcrumUI" time="5.688" errors="0" timestamp="2026-02-25T14:15:49 IST" skipped="0">
  <testcase classname="org.tests.ModifyPolicyTests.US28_ModifyPolicyBreadcrumUI" name="verifyPageTitleDisplayedTopLeft" time="0.137"/>
  <testcase classname="org.tests.ModifyPolicyTests.US28_ModifyPolicyBreadcrumUI" name="verifyBreadcrumbAppearsBelowTitle" time="0.242"/>
  <testcase classname="org.tests.ModifyPolicyTests.US28_ModifyPolicyBreadcrumUI" name="verifyPolicyBreadcrumbClickable" time="0.150"/>
  <testcase classname="org.tests.ModifyPolicyTests.US28_ModifyPolicyBreadcrumUI" name="verifyModifyBreadcrumbHighlightedAndNonClickable" time="5.159"/>
</testsuite> <!-- org.tests.ModifyPolicyTests.US28_ModifyPolicyBreadcrumUI -->
