<?xml version="1.0" encoding="UTF-8"?>
<!-- Generated by org.testng.reporters.JUnitReportReporter -->
<testsuite hostname="LTIN674879" failures="0" tests="3" name="org.tests.ModifyPolicyTests.US29_MainCategoryUI" time="0.877" errors="0" timestamp="2026-02-25T14:15:50 IST" skipped="0">
  <testcase classname="org.tests.ModifyPolicyTests.US29_MainCategoryUI" name="validateTitle" time="0.079"/>
  <testcase classname="org.tests.ModifyPolicyTests.US29_MainCategoryUI" name="validateDropdownStatus" time="0.180"/>
  <testcase classname="org.tests.ModifyPolicyTests.US29_MainCategoryUI" name="validateDropdownSelection" time="0.618"/>
</testsuite> <!-- org.tests.ModifyPolicyTests.US29_MainCategoryUI -->
