<?xml version="1.0" encoding="UTF-8"?>
<!-- Generated by org.testng.reporters.JUnitReportReporter -->
<testsuite hostname="LTIN674879" failures="0" tests="4" name="org.tests.ViewPolicyTests.US20_PolicyStatusFunctionality" time="12.927" errors="0" timestamp="2026-02-25T14:15:49 IST" skipped="0">
  <testcase classname="org.tests.ViewPolicyTests.US20_PolicyStatusFunctionality" name="verifyStatusOptions" time="0.688"/>
  <testcase classname="org.tests.ViewPolicyTests.US20_PolicyStatusFunctionality" name="verifyAutoSuggestion" time="0.788"/>
  <testcase classname="org.tests.ViewPolicyTests.US20_PolicyStatusFunctionality" name="verifyMultiSelection" time="1.125"/>
  <testcase classname="org.tests.ViewPolicyTests.US20_PolicyStatusFunctionality" name="verifyRemoval" time="10.326"/>
</testsuite> <!-- org.tests.ViewPolicyTests.US20_PolicyStatusFunctionality -->
