<?xml version="1.0" encoding="UTF-8"?>
<!-- Generated by org.testng.reporters.JUnitReportReporter -->
<testsuite hostname="LTIN674879" failures="0" tests="3" name="org.tests.ViewPolicyTests.US08_TableHeaderUI" time="0.365" errors="0" timestamp="2026-02-25T14:15:49 IST" skipped="0">
  <testcase classname="org.tests.ViewPolicyTests.US08_TableHeaderUI" name="tableDisplay" time="0.038"/>
  <testcase classname="org.tests.ViewPolicyTests.US08_TableHeaderUI" name="tableColumnCount" time="0.029"/>
  <testcase classname="org.tests.ViewPolicyTests.US08_TableHeaderUI" name="tableColumnNames" time="0.298"/>
</testsuite> <!-- org.tests.ViewPolicyTests.US08_TableHeaderUI -->
