<?xml version="1.0" encoding="UTF-8"?>
<!-- Generated by org.testng.reporters.JUnitReportReporter -->
<testsuite hostname="LTIN674879" failures="0" tests="4" name="org.tests.ModifyPolicyTests.US38_PaginationBarUI" time="1.855" errors="0" timestamp="2026-02-25T14:15:50 IST" skipped="0">
  <testcase classname="org.tests.ModifyPolicyTests.US38_PaginationBarUI" name="verifyPaginationBarVisibility" time="0.043"/>
  <testcase classname="org.tests.ModifyPolicyTests.US38_PaginationBarUI" name="verifyPaginationStartNumber" time="0.036"/>
  <testcase classname="org.tests.ModifyPolicyTests.US38_PaginationBarUI" name="verifyEllipsisForLargePages" time="0.205"/>
  <testcase classname="org.tests.ModifyPolicyTests.US38_PaginationBarUI" name="verifyPageNavigation" time="1.571"/>
</testsuite> <!-- org.tests.ModifyPolicyTests.US38_PaginationBarUI -->
