<?xml version="1.0" encoding="UTF-8"?>
<!-- Generated by org.testng.reporters.JUnitReportReporter -->
<testsuite hostname="LTIN674879" failures="0" tests="5" name="org.tests.ViewPolicyTests.US18_SubCategoryFunctionality" time="28.149" errors="0" timestamp="2026-02-25T14:15:50 IST" skipped="0">
  <testcase classname="org.tests.ViewPolicyTests.US18_SubCategoryFunctionality" name="relatedSubCategories" time="24.257"/>
  <testcase classname="org.tests.ViewPolicyTests.US18_SubCategoryFunctionality" name="noResults" time="0.180"/>
  <testcase classname="org.tests.ViewPolicyTests.US18_SubCategoryFunctionality" name="multipleSelection" time="1.479"/>
  <testcase classname="org.tests.ViewPolicyTests.US18_SubCategoryFunctionality" name="removeElements" time="0.981"/>
  <testcase classname="org.tests.ViewPolicyTests.US18_SubCategoryFunctionality" name="autoSuggetsions" time="1.252"/>
</testsuite> <!-- org.tests.ViewPolicyTests.US18_SubCategoryFunctionality -->
