<?xml version="1.0" encoding="UTF-8"?>
<!-- Generated by org.testng.reporters.JUnitReportReporter -->
<testsuite hostname="LTIN674879" failures="0" tests="3" name="org.tests.ModifyPolicyTests.US32_PolicyStatusUI" time="1.240" errors="0" timestamp="2026-02-25T14:15:49 IST" skipped="0">
  <testcase classname="org.tests.ModifyPolicyTests.US32_PolicyStatusUI" name="validateLabelDisplay" time="0.186"/>
  <testcase classname="org.tests.ModifyPolicyTests.US32_PolicyStatusUI" name="validateDropdownInitialState" time="0.415"/>
  <testcase classname="org.tests.ModifyPolicyTests.US32_PolicyStatusUI" name="validateDropdownSelection" time="0.639"/>
</testsuite> <!-- org.tests.ModifyPolicyTests.US32_PolicyStatusUI -->
