<?xml version="1.0" encoding="UTF-8"?>
<!-- Generated by org.testng.reporters.JUnitReportReporter -->
<testsuite hostname="LTIN674879" failures="0" tests="1" name="org.tests.ModifyPolicyTests.US53_ScrollToTopFunctionality" time="1.463" errors="0" timestamp="2026-02-25T14:15:50 IST" skipped="0">
  <testcase classname="org.tests.ModifyPolicyTests.US53_ScrollToTopFunctionality" name="verifyScrollToTopFunctionality" time="1.463"/>
</testsuite> <!-- org.tests.ModifyPolicyTests.US53_ScrollToTopFunctionality -->
