<?xml version="1.0" encoding="UTF-8"?>
<!-- Generated by org.testng.reporters.JUnitReportReporter -->
<testsuite hostname="LTIN674879" failures="0" tests="3" name="org.tests.ModifyPolicyTests.US46_MainCategoryFunctionality" time="1.070" errors="0" timestamp="2026-02-25T14:15:49 IST" skipped="0">
  <testcase classname="org.tests.ModifyPolicyTests.US46_MainCategoryFunctionality" name="selectableOptionsValidation" time="0.073"/>
  <testcase classname="org.tests.ModifyPolicyTests.US46_MainCategoryFunctionality" name="oneSelectionValidation" time="0.456"/>
  <testcase classname="org.tests.ModifyPolicyTests.US46_MainCategoryFunctionality" name="visibilityValidation" time="0.541"/>
</testsuite> <!-- org.tests.ModifyPolicyTests.US46_MainCategoryFunctionality -->
