<?xml version="1.0" encoding="UTF-8"?>
<!-- Generated by org.testng.reporters.JUnitReportReporter -->
<testsuite hostname="LTIN674879" failures="0" tests="1" name="org.tests.ViewPolicyTests.US24_ExportToExcelFunctionality" time="39.799" errors="0" timestamp="2026-02-25T14:15:50 IST" skipped="0">
  <testcase classname="org.tests.ViewPolicyTests.US24_ExportToExcelFunctionality" name="testExportToExcelDownload" time="39.799"/>
</testsuite> <!-- org.tests.ViewPolicyTests.US24_ExportToExcelFunctionality -->
