<?xml version="1.0" encoding="UTF-8"?>
<!-- Generated by org.testng.reporters.JUnitReportReporter -->
<testsuite hostname="LTIN674879" failures="0" tests="4" name="org.tests.ModifyPolicyTests.US31_PolicyNameUI" time="0.406" errors="0" timestamp="2026-02-25T14:20:54 IST" skipped="0">
  <testcase classname="org.tests.ModifyPolicyTests.US31_PolicyNameUI" name="labelValidation" time="0.092"/>
  <testcase classname="org.tests.ModifyPolicyTests.US31_PolicyNameUI" name="dropdownValidation" time="0.083"/>
  <testcase classname="org.tests.ModifyPolicyTests.US31_PolicyNameUI" name="defaultValue" time="0.173"/>
  <testcase classname="org.tests.ModifyPolicyTests.US31_PolicyNameUI" name="clickableValidation" time="0.058"/>
</testsuite> <!-- org.tests.ModifyPolicyTests.US31_PolicyNameUI -->
