<?xml version="1.0" encoding="UTF-8"?>
<!-- Generated by org.testng.reporters.JUnitReportReporter -->
<testsuite hostname="LTIN674879" failures="0" tests="4" name="org.tests.ViewPolicyTests.US04_PolicyNameUI" time="3.679" errors="0" timestamp="2026-02-25T14:15:49 IST" skipped="0">
  <testcase classname="org.tests.ViewPolicyTests.US04_PolicyNameUI" name="validateUI" time="0.314"/>
  <testcase classname="org.tests.ViewPolicyTests.US04_PolicyNameUI" name="emptyTextboxValidation" time="0.089"/>
  <testcase classname="org.tests.ViewPolicyTests.US04_PolicyNameUI" name="verifyMultiSelectTextbox" time="3.018"/>
  <testcase classname="org.tests.ViewPolicyTests.US04_PolicyNameUI" name="verifyRemoveIconForTags" time="0.258"/>
</testsuite> <!-- org.tests.ViewPolicyTests.US04_PolicyNameUI -->
