<?xml version="1.0" encoding="UTF-8"?>
<!-- Generated by org.testng.reporters.JUnitReportReporter -->
<testsuite hostname="LTIN674879" failures="0" tests="4" name="org.tests.ViewPolicyTests.US17_MainCategoryFunctionality" time="10.827" errors="0" timestamp="2026-02-25T14:20:54 IST" skipped="0">
  <testcase classname="org.tests.ViewPolicyTests.US17_MainCategoryFunctionality" name="multiSelectValidation" time="1.601"/>
  <testcase classname="org.tests.ViewPolicyTests.US17_MainCategoryFunctionality" name="removeButtonValidation" time="0.967"/>
  <testcase classname="org.tests.ViewPolicyTests.US17_MainCategoryFunctionality" name="availablePoliciesValidation" time="0.396"/>
  <testcase classname="org.tests.ViewPolicyTests.US17_MainCategoryFunctionality" name="validateMainCategorySearchAutoSuggest" time="7.863"/>
</testsuite> <!-- org.tests.ViewPolicyTests.US17_MainCategoryFunctionality -->
