<?xml version="1.0" encoding="UTF-8"?>
<!-- Generated by org.testng.reporters.JUnitReportReporter -->
<testsuite hostname="LTIN674879" failures="0" tests="4" name="org.tests.ModifyPolicyTests.US55_UpdateButtonFunctionality" time="2.763" errors="0" timestamp="2026-02-25T14:15:50 IST" skipped="0">
  <testcase classname="org.tests.ModifyPolicyTests.US55_UpdateButtonFunctionality" name="testRejectNonNumericInput" time="0.715"/>
  <testcase classname="org.tests.ModifyPolicyTests.US55_UpdateButtonFunctionality" name="testSuccessMessageAfterSave" time="1.212"/>
  <testcase classname="org.tests.ModifyPolicyTests.US55_UpdateButtonFunctionality" name="testRedirectionToModifyPolicyPage" time="0.562"/>
  <testcase classname="org.tests.ModifyPolicyTests.US55_UpdateButtonFunctionality" name="testUpdatedValuesVisibleInMainTable" time="0.274"/>
</testsuite> <!-- org.tests.ModifyPolicyTests.US55_UpdateButtonFunctionality -->
