<?xml version="1.0" encoding="UTF-8"?>
<!-- Generated by org.testng.reporters.JUnitReportReporter -->
<testsuite hostname="LTIN674879" failures="0" tests="2" name="org.tests.ModifyPolicyTests.US45_ModifyPolicyBreadcrumFunctionality" time="0.710" errors="0" timestamp="2026-02-25T14:20:54 IST" skipped="0">
  <testcase classname="org.tests.ModifyPolicyTests.US45_ModifyPolicyBreadcrumFunctionality" name="linkClickable" time="0.062"/>
  <testcase classname="org.tests.ModifyPolicyTests.US45_ModifyPolicyBreadcrumFunctionality" name="policyPageRedirect" time="0.648"/>
</testsuite> <!-- org.tests.ModifyPolicyTests.US45_ModifyPolicyBreadcrumFunctionality -->
