<?xml version="1.0" encoding="UTF-8"?>
<!-- Generated by org.testng.reporters.JUnitReportReporter -->
<testsuite hostname="LTIN674879" failures="0" tests="3" name="org.tests.ViewPolicyTests.US22_ResetButtonFunctionality" time="5.997" errors="0" timestamp="2026-02-25T14:20:54 IST" skipped="0">
  <testcase classname="org.tests.ViewPolicyTests.US22_ResetButtonFunctionality" name="resetButtonValidation" time="2.162"/>
  <testcase classname="org.tests.ViewPolicyTests.US22_ResetButtonFunctionality" name="defaultStateValidation" time="0.658"/>
  <testcase classname="org.tests.ViewPolicyTests.US22_ResetButtonFunctionality" name="tableValidation" time="3.177"/>
</testsuite> <!-- org.tests.ViewPolicyTests.US22_ResetButtonFunctionality -->
