<?xml version="1.0" encoding="UTF-8"?>
<!-- Generated by org.testng.reporters.JUnitReportReporter -->
<testsuite hostname="LTIN674879" failures="0" tests="1" name="org.tests.ModifyPolicyTests.US57_DeleteAction_Confirmation" time="1.605" errors="0" timestamp="2026-02-25T14:15:49 IST" skipped="0">
  <testcase classname="org.tests.ModifyPolicyTests.US57_DeleteAction_Confirmation" name="testConfirmDeletesRecord" time="1.605"/>
</testsuite> <!-- org.tests.ModifyPolicyTests.US57_DeleteAction_Confirmation -->
