<?xml version="1.0" encoding="UTF-8"?>
<!-- Generated by org.testng.reporters.JUnitReportReporter -->
<testsuite hostname="LTIN674879" failures="0" tests="4" name="org.tests.ViewPolicyTests.US02_MainCategoryUI" time="2.149" errors="0" timestamp="2026-02-25T14:15:49 IST" skipped="0">
  <testcase classname="org.tests.ViewPolicyTests.US02_MainCategoryUI" name="mainCategoryLabelValidation" time="0.057"/>
  <testcase classname="org.tests.ViewPolicyTests.US02_MainCategoryUI" name="emptyTextboxValidation" time="0.077"/>
  <testcase classname="org.tests.ViewPolicyTests.US02_MainCategoryUI" name="multiselectTextboxValidation" time="1.758"/>
  <testcase classname="org.tests.ViewPolicyTests.US02_MainCategoryUI" name="crossbtnvalidation" time="0.257"/>
</testsuite> <!-- org.tests.ViewPolicyTests.US02_MainCategoryUI -->
