<?xml version="1.0" encoding="UTF-8"?>
<!-- Generated by org.testng.reporters.JUnitReportReporter -->
<testsuite hostname="LTIN674879" failures="0" tests="4" name="org.tests.ViewPolicyTests.US03_SubCategoryUI" time="1.983" errors="0" timestamp="2026-02-25T14:20:54 IST" skipped="0">
  <testcase classname="org.tests.ViewPolicyTests.US03_SubCategoryUI" name="subCategoryLabelValidation" time="0.093"/>
  <testcase classname="org.tests.ViewPolicyTests.US03_SubCategoryUI" name="emptyTextboxValidation" time="0.077"/>
  <testcase classname="org.tests.ViewPolicyTests.US03_SubCategoryUI" name="multiselectTextboxValidation" time="1.650"/>
  <testcase classname="org.tests.ViewPolicyTests.US03_SubCategoryUI" name="crossbtnvalidation" time="0.163"/>
</testsuite> <!-- org.tests.ViewPolicyTests.US03_SubCategoryUI -->
